<!DOCTYPE HTML PUBLIC "-//W3C//DTD HTML 4.01 Transitional//EN" "http://www.w3.org/TR/html4/loose.dtd">
<html>
<head>
<title>Selenium Logs</title>
<style type="text/css">
<!--
body, table {font-family: arial,sans-serif; font-size: x-small;}
th {background: #336699; color: #FFFFFF; text-align: left;}
-->
</style>
</head>
<body bgcolor="#FFFFFF" topmargin="6" leftmargin="6">
<hr size="1" noshade>
Log session start time Fri Jul 09 21:19:05 PDT 2021<br>
<br>
<table cellspacing="0" cellpadding="4" border="1" bordercolor="#224466" width="100%">
<tr>
<th>Time</th>
<th>Thread</th>
<th>Level</th>
<th>Category</th>
<th>File:Line</th>
<th>Message</th>
</tr>

<tr>
<td>0</td>
<td title="main thread">main</td>
<td title="Level">INFO</td>
<td title="com.automation.libraries.AutomationLibrary category">com.automation.libraries.AutomationLibrary</td>
<td>AutomationLibrary.java:462</td>
<td title="Message">getCurrentTime() ---&gt; 20210709211905908</td>
</tr>

<tr>
<td>6</td>
<td title="main thread">main</td>
<td title="Level">INFO</td>
<td title="com.automation.libraries.ManageJP category">com.automation.libraries.ManageJP</td>
<td>ManageJP.java:64</td>
<td title="Message">Properties file created---&gt; src/test/resources/sessionConfig.properties</td>
</tr>

<tr>
<td>15</td>
<td title="main thread">main</td>
<td title="Level">INFO</td>
<td title="com.automation.libraries.AutomationBase category">com.automation.libraries.AutomationBase</td>
<td>AutomationBase.java:88</td>
<td title="Message">Test started...</td>
</tr>

<tr>
<td>7395</td>
<td title="main thread">main</td>
<td title="Level">INFO</td>
<td title="com.automation.pages.MainPage category">com.automation.pages.MainPage</td>
<td>MainPage.java:21</td>
<td title="Message">My Store website URL printed</td>
</tr>

<tr>
<td>7406</td>
<td title="main thread">main</td>
<td title="Level">INFO</td>
<td title="com.automation.pages.MainPage category">com.automation.pages.MainPage</td>
<td>MainPage.java:23</td>
<td title="Message">Current website title is: My Store</td>
</tr>

<tr>
<td>37446</td>
<td title="main thread">main</td>
<td title="Level"><font color="#993300"><strong>ERROR</strong></font></td>
<td title="com.automation.libraries.AutomationLibrary category">com.automation.libraries.AutomationLibrary</td>
<td>AutomationLibrary.java:433</td>
<td title="Message">Error:</td>
</tr>
<tr><td bgcolor="#993300" style="color:White; font-size : xx-small;" colspan="6">org.openqa.selenium.NoSuchElementException: no such element: Unable to locate element: {&quot;method&quot;:&quot;css selector&quot;,&quot;selector&quot;:&quot;#search_query_top\ &quot;}
<br>&nbsp;&nbsp;&nbsp;&nbsp;  (Session info: chrome=91.0.4472.124)
<br>&nbsp;&nbsp;&nbsp;&nbsp;For documentation on this error, please visit: https://selenium.dev/exceptions/#no_such_element
<br>&nbsp;&nbsp;&nbsp;&nbsp;Build info: version: '4.0.0-alpha-7', revision: 'de8579b6d5'
<br>&nbsp;&nbsp;&nbsp;&nbsp;System info: host: 'MYMINICOOPERPC', ip: '192.168.0.58', os.name: 'Windows 10', os.arch: 'amd64', os.version: '10.0', java.version: '11.0.9'
<br>&nbsp;&nbsp;&nbsp;&nbsp;Driver info: org.openqa.selenium.chrome.ChromeDriver
<br>&nbsp;&nbsp;&nbsp;&nbsp;Capabilities {acceptInsecureCerts: false, browserName: chrome, browserVersion: 91.0.4472.124, chrome: {chromedriverVersion: 91.0.4472.19 (1bf021f248676..., userDataDir: C:\Users\renaa\AppData\Loca...}, goog:chromeOptions: {debuggerAddress: localhost:62621}, javascriptEnabled: true, networkConnectionEnabled: false, pageLoadStrategy: normal, platform: WINDOWS, platformName: WINDOWS, proxy: Proxy(), setWindowRect: true, strictFileInteractability: false, timeouts: {implicit: 0, pageLoad: 300000, script: 30000}, unhandledPromptBehavior: dismiss and notify, webauthn:extension:largeBlob: true, webauthn:virtualAuthenticators: true}
<br>&nbsp;&nbsp;&nbsp;&nbsp;Session ID: cb6d1243d668ccea4a1dcc41b503d55e
<br>&nbsp;&nbsp;&nbsp;&nbsp;*** Element info: {Using=id, value=search_query_top }
<br>&nbsp;&nbsp;&nbsp;&nbsp;	at java.base/jdk.internal.reflect.NativeConstructorAccessorImpl.newInstance0(Native Method)
<br>&nbsp;&nbsp;&nbsp;&nbsp;	at java.base/jdk.internal.reflect.NativeConstructorAccessorImpl.newInstance(NativeConstructorAccessorImpl.java:62)
<br>&nbsp;&nbsp;&nbsp;&nbsp;	at java.base/jdk.internal.reflect.DelegatingConstructorAccessorImpl.newInstance(DelegatingConstructorAccessorImpl.java:45)
<br>&nbsp;&nbsp;&nbsp;&nbsp;	at java.base/java.lang.reflect.Constructor.newInstance(Constructor.java:490)
<br>&nbsp;&nbsp;&nbsp;&nbsp;	at org.openqa.selenium.remote.codec.w3c.W3CHttpResponseCodec.createException(W3CHttpResponseCodec.java:196)
<br>&nbsp;&nbsp;&nbsp;&nbsp;	at org.openqa.selenium.remote.codec.w3c.W3CHttpResponseCodec.decode(W3CHttpResponseCodec.java:129)
<br>&nbsp;&nbsp;&nbsp;&nbsp;	at org.openqa.selenium.remote.codec.w3c.W3CHttpResponseCodec.decode(W3CHttpResponseCodec.java:53)
<br>&nbsp;&nbsp;&nbsp;&nbsp;	at org.openqa.selenium.remote.HttpCommandExecutor.execute(HttpCommandExecutor.java:167)
<br>&nbsp;&nbsp;&nbsp;&nbsp;	at org.openqa.selenium.remote.service.DriverCommandExecutor.execute(DriverCommandExecutor.java:123)
<br>&nbsp;&nbsp;&nbsp;&nbsp;	at org.openqa.selenium.remote.RemoteWebDriver.execute(RemoteWebDriver.java:501)
<br>&nbsp;&nbsp;&nbsp;&nbsp;	at org.openqa.selenium.remote.RemoteWebDriver.findElement(RemoteWebDriver.java:332)
<br>&nbsp;&nbsp;&nbsp;&nbsp;	at org.openqa.selenium.By$ById.findElement(By.java:193)
<br>&nbsp;&nbsp;&nbsp;&nbsp;	at org.openqa.selenium.remote.RemoteWebDriver.findElement(RemoteWebDriver.java:312)
<br>&nbsp;&nbsp;&nbsp;&nbsp;	at com.automation.libraries.AutomationLibrary.sendKey(AutomationLibrary.java:428)
<br>&nbsp;&nbsp;&nbsp;&nbsp;	at com.automation.pages.MainPage.searchItem(MainPage.java:35)
<br>&nbsp;&nbsp;&nbsp;&nbsp;	at com.automation.tests.MainPageTests.shoppingTest(MainPageTests.java:28)
<br>&nbsp;&nbsp;&nbsp;&nbsp;	at java.base/jdk.internal.reflect.NativeMethodAccessorImpl.invoke0(Native Method)
<br>&nbsp;&nbsp;&nbsp;&nbsp;	at java.base/jdk.internal.reflect.NativeMethodAccessorImpl.invoke(NativeMethodAccessorImpl.java:62)
<br>&nbsp;&nbsp;&nbsp;&nbsp;	at java.base/jdk.internal.reflect.DelegatingMethodAccessorImpl.invoke(DelegatingMethodAccessorImpl.java:43)
<br>&nbsp;&nbsp;&nbsp;&nbsp;	at java.base/java.lang.reflect.Method.invoke(Method.java:566)
<br>&nbsp;&nbsp;&nbsp;&nbsp;	at org.testng.internal.MethodInvocationHelper.invokeMethod(MethodInvocationHelper.java:133)
<br>&nbsp;&nbsp;&nbsp;&nbsp;	at org.testng.internal.TestInvoker.invokeMethod(TestInvoker.java:584)
<br>&nbsp;&nbsp;&nbsp;&nbsp;	at org.testng.internal.TestInvoker.invokeTestMethod(TestInvoker.java:172)
<br>&nbsp;&nbsp;&nbsp;&nbsp;	at org.testng.internal.MethodRunner.runInSequence(MethodRunner.java:46)
<br>&nbsp;&nbsp;&nbsp;&nbsp;	at org.testng.internal.TestInvoker$MethodInvocationAgent.invoke(TestInvoker.java:804)
<br>&nbsp;&nbsp;&nbsp;&nbsp;	at org.testng.internal.TestInvoker.invokeTestMethods(TestInvoker.java:145)
<br>&nbsp;&nbsp;&nbsp;&nbsp;	at org.testng.internal.TestMethodWorker.invokeTestMethods(TestMethodWorker.java:146)
<br>&nbsp;&nbsp;&nbsp;&nbsp;	at org.testng.internal.TestMethodWorker.run(TestMethodWorker.java:128)
<br>&nbsp;&nbsp;&nbsp;&nbsp;	at java.base/java.util.ArrayList.forEach(ArrayList.java:1541)
<br>&nbsp;&nbsp;&nbsp;&nbsp;	at org.testng.TestRunner.privateRun(TestRunner.java:770)
<br>&nbsp;&nbsp;&nbsp;&nbsp;	at org.testng.TestRunner.run(TestRunner.java:591)
<br>&nbsp;&nbsp;&nbsp;&nbsp;	at org.testng.SuiteRunner.runTest(SuiteRunner.java:402)
<br>&nbsp;&nbsp;&nbsp;&nbsp;	at org.testng.SuiteRunner.runSequentially(SuiteRunner.java:396)
<br>&nbsp;&nbsp;&nbsp;&nbsp;	at org.testng.SuiteRunner.privateRun(SuiteRunner.java:355)
<br>&nbsp;&nbsp;&nbsp;&nbsp;	at org.testng.SuiteRunner.run(SuiteRunner.java:304)
<br>&nbsp;&nbsp;&nbsp;&nbsp;	at org.testng.SuiteRunnerWorker.runSuite(SuiteRunnerWorker.java:53)
<br>&nbsp;&nbsp;&nbsp;&nbsp;	at org.testng.SuiteRunnerWorker.run(SuiteRunnerWorker.java:96)
<br>&nbsp;&nbsp;&nbsp;&nbsp;	at org.testng.TestNG.runSuitesSequentially(TestNG.java:1180)
<br>&nbsp;&nbsp;&nbsp;&nbsp;	at org.testng.TestNG.runSuitesLocally(TestNG.java:1102)
<br>&nbsp;&nbsp;&nbsp;&nbsp;	at org.testng.TestNG.runSuites(TestNG.java:1032)
<br>&nbsp;&nbsp;&nbsp;&nbsp;	at org.testng.TestNG.run(TestNG.java:1000)
<br>&nbsp;&nbsp;&nbsp;&nbsp;	at org.apache.maven.surefire.testng.TestNGExecutor.run(TestNGExecutor.java:295)
<br>&nbsp;&nbsp;&nbsp;&nbsp;	at org.apache.maven.surefire.testng.TestNGXmlTestSuite.execute(TestNGXmlTestSuite.java:84)
<br>&nbsp;&nbsp;&nbsp;&nbsp;	at org.apache.maven.surefire.testng.TestNGProvider.invoke(TestNGProvider.java:90)
<br>&nbsp;&nbsp;&nbsp;&nbsp;	at org.apache.maven.surefire.booter.ForkedBooter.invokeProviderInSameClassLoader(ForkedBooter.java:203)
<br>&nbsp;&nbsp;&nbsp;&nbsp;	at org.apache.maven.surefire.booter.ForkedBooter.runSuitesInProcess(ForkedBooter.java:155)
<br>&nbsp;&nbsp;&nbsp;&nbsp;	at org.apache.maven.surefire.booter.ForkedBooter.main(ForkedBooter.java:103)
</td></tr>

<tr>
<td>42468</td>
<td title="main thread">main</td>
<td title="Level"><font color="#993300"><strong>ERROR</strong></font></td>
<td title="com.automation.libraries.ManageJP category">com.automation.libraries.ManageJP</td>
<td>ManageJP.java:43</td>
<td title="Message">Error: </td>
</tr>
<tr><td bgcolor="#993300" style="color:White; font-size : xx-small;" colspan="6">java.io.FileNotFoundException: src\test\resources\tShirtPageLocators.properties (The system cannot find the file specified)
<br>&nbsp;&nbsp;&nbsp;&nbsp;	at java.base/java.io.FileInputStream.open0(Native Method)
<br>&nbsp;&nbsp;&nbsp;&nbsp;	at java.base/java.io.FileInputStream.open(FileInputStream.java:219)
<br>&nbsp;&nbsp;&nbsp;&nbsp;	at java.base/java.io.FileInputStream.&lt;init&gt;(FileInputStream.java:157)
<br>&nbsp;&nbsp;&nbsp;&nbsp;	at java.base/java.io.FileInputStream.&lt;init&gt;(FileInputStream.java:112)
<br>&nbsp;&nbsp;&nbsp;&nbsp;	at com.automation.libraries.ManageJP.readProperty(ManageJP.java:38)
<br>&nbsp;&nbsp;&nbsp;&nbsp;	at com.automation.libraries.AutomationBase.close(AutomationBase.java:123)
<br>&nbsp;&nbsp;&nbsp;&nbsp;	at java.base/jdk.internal.reflect.NativeMethodAccessorImpl.invoke0(Native Method)
<br>&nbsp;&nbsp;&nbsp;&nbsp;	at java.base/jdk.internal.reflect.NativeMethodAccessorImpl.invoke(NativeMethodAccessorImpl.java:62)
<br>&nbsp;&nbsp;&nbsp;&nbsp;	at java.base/jdk.internal.reflect.DelegatingMethodAccessorImpl.invoke(DelegatingMethodAccessorImpl.java:43)
<br>&nbsp;&nbsp;&nbsp;&nbsp;	at java.base/java.lang.reflect.Method.invoke(Method.java:566)
<br>&nbsp;&nbsp;&nbsp;&nbsp;	at org.testng.internal.MethodInvocationHelper.invokeMethod(MethodInvocationHelper.java:133)
<br>&nbsp;&nbsp;&nbsp;&nbsp;	at org.testng.internal.MethodInvocationHelper.invokeMethodConsideringTimeout(MethodInvocationHelper.java:62)
<br>&nbsp;&nbsp;&nbsp;&nbsp;	at org.testng.internal.ConfigInvoker.invokeConfigurationMethod(ConfigInvoker.java:340)
<br>&nbsp;&nbsp;&nbsp;&nbsp;	at org.testng.internal.ConfigInvoker.invokeConfigurations(ConfigInvoker.java:294)
<br>&nbsp;&nbsp;&nbsp;&nbsp;	at org.testng.internal.TestInvoker.runConfigMethods(TestInvoker.java:683)
<br>&nbsp;&nbsp;&nbsp;&nbsp;	at org.testng.internal.TestInvoker.runAfterGroupsConfigurations(TestInvoker.java:658)
<br>&nbsp;&nbsp;&nbsp;&nbsp;	at org.testng.internal.TestInvoker.invokeMethod(TestInvoker.java:642)
<br>&nbsp;&nbsp;&nbsp;&nbsp;	at org.testng.internal.TestInvoker.invokeTestMethod(TestInvoker.java:172)
<br>&nbsp;&nbsp;&nbsp;&nbsp;	at org.testng.internal.MethodRunner.runInSequence(MethodRunner.java:46)
<br>&nbsp;&nbsp;&nbsp;&nbsp;	at org.testng.internal.TestInvoker$MethodInvocationAgent.invoke(TestInvoker.java:804)
<br>&nbsp;&nbsp;&nbsp;&nbsp;	at org.testng.internal.TestInvoker.invokeTestMethods(TestInvoker.java:145)
<br>&nbsp;&nbsp;&nbsp;&nbsp;	at org.testng.internal.TestMethodWorker.invokeTestMethods(TestMethodWorker.java:146)
<br>&nbsp;&nbsp;&nbsp;&nbsp;	at org.testng.internal.TestMethodWorker.run(TestMethodWorker.java:128)
<br>&nbsp;&nbsp;&nbsp;&nbsp;	at java.base/java.util.ArrayList.forEach(ArrayList.java:1541)
<br>&nbsp;&nbsp;&nbsp;&nbsp;	at org.testng.TestRunner.privateRun(TestRunner.java:770)
<br>&nbsp;&nbsp;&nbsp;&nbsp;	at org.testng.TestRunner.run(TestRunner.java:591)
<br>&nbsp;&nbsp;&nbsp;&nbsp;	at org.testng.SuiteRunner.runTest(SuiteRunner.java:402)
<br>&nbsp;&nbsp;&nbsp;&nbsp;	at org.testng.SuiteRunner.runSequentially(SuiteRunner.java:396)
<br>&nbsp;&nbsp;&nbsp;&nbsp;	at org.testng.SuiteRunner.privateRun(SuiteRunner.java:355)
<br>&nbsp;&nbsp;&nbsp;&nbsp;	at org.testng.SuiteRunner.run(SuiteRunner.java:304)
<br>&nbsp;&nbsp;&nbsp;&nbsp;	at org.testng.SuiteRunnerWorker.runSuite(SuiteRunnerWorker.java:53)
<br>&nbsp;&nbsp;&nbsp;&nbsp;	at org.testng.SuiteRunnerWorker.run(SuiteRunnerWorker.java:96)
<br>&nbsp;&nbsp;&nbsp;&nbsp;	at org.testng.TestNG.runSuitesSequentially(TestNG.java:1180)
<br>&nbsp;&nbsp;&nbsp;&nbsp;	at org.testng.TestNG.runSuitesLocally(TestNG.java:1102)
<br>&nbsp;&nbsp;&nbsp;&nbsp;	at org.testng.TestNG.runSuites(TestNG.java:1032)
<br>&nbsp;&nbsp;&nbsp;&nbsp;	at org.testng.TestNG.run(TestNG.java:1000)
<br>&nbsp;&nbsp;&nbsp;&nbsp;	at org.apache.maven.surefire.testng.TestNGExecutor.run(TestNGExecutor.java:295)
<br>&nbsp;&nbsp;&nbsp;&nbsp;	at org.apache.maven.surefire.testng.TestNGXmlTestSuite.execute(TestNGXmlTestSuite.java:84)
<br>&nbsp;&nbsp;&nbsp;&nbsp;	at org.apache.maven.surefire.testng.TestNGProvider.invoke(TestNGProvider.java:90)
<br>&nbsp;&nbsp;&nbsp;&nbsp;	at org.apache.maven.surefire.booter.ForkedBooter.invokeProviderInSameClassLoader(ForkedBooter.java:203)
<br>&nbsp;&nbsp;&nbsp;&nbsp;	at org.apache.maven.surefire.booter.ForkedBooter.runSuitesInProcess(ForkedBooter.java:155)
<br>&nbsp;&nbsp;&nbsp;&nbsp;	at org.apache.maven.surefire.booter.ForkedBooter.main(ForkedBooter.java:103)
</td></tr>

<tr>
<td>42474</td>
<td title="main thread">main</td>
<td title="Level">INFO</td>
<td title="com.automation.libraries.AutomationLibrary category">com.automation.libraries.AutomationLibrary</td>
<td>AutomationLibrary.java:462</td>
<td title="Message">getCurrentTime() ---&gt; 20210709211948386</td>
</tr>

<tr>
<td>42475</td>
<td title="main thread">main</td>
<td title="Level">INFO</td>
<td title="com.automation.libraries.ManageJP category">com.automation.libraries.ManageJP</td>
<td>ManageJP.java:64</td>
<td title="Message">Properties file created---&gt; src/test/resources/sessionConfig.properties</td>
</tr>

<tr>
<td>42476</td>
<td title="main thread">main</td>
<td title="Level">INFO</td>
<td title="com.automation.libraries.AutomationBase category">com.automation.libraries.AutomationBase</td>
<td>AutomationBase.java:88</td>
<td title="Message">Test started...</td>
</tr>

<tr>
<td>74135</td>
<td title="main thread">main</td>
<td title="Level"><font color="#993300"><strong>ERROR</strong></font></td>
<td title="com.automation.libraries.AutomationLibrary category">com.automation.libraries.AutomationLibrary</td>
<td>AutomationLibrary.java:377</td>
<td title="Message">Error: </td>
</tr>
<tr><td bgcolor="#993300" style="color:White; font-size : xx-small;" colspan="6">org.openqa.selenium.NoSuchElementException: no such element: Unable to locate element: {&quot;method&quot;:&quot;css selector&quot;,&quot;selector&quot;:&quot;#add_to_cart&quot;}
<br>&nbsp;&nbsp;&nbsp;&nbsp;  (Session info: chrome=91.0.4472.124)
<br>&nbsp;&nbsp;&nbsp;&nbsp;For documentation on this error, please visit: https://selenium.dev/exceptions/#no_such_element
<br>&nbsp;&nbsp;&nbsp;&nbsp;Build info: version: '4.0.0-alpha-7', revision: 'de8579b6d5'
<br>&nbsp;&nbsp;&nbsp;&nbsp;System info: host: 'MYMINICOOPERPC', ip: '192.168.0.58', os.name: 'Windows 10', os.arch: 'amd64', os.version: '10.0', java.version: '11.0.9'
<br>&nbsp;&nbsp;&nbsp;&nbsp;Driver info: org.openqa.selenium.chrome.ChromeDriver
<br>&nbsp;&nbsp;&nbsp;&nbsp;Capabilities {acceptInsecureCerts: false, browserName: chrome, browserVersion: 91.0.4472.124, chrome: {chromedriverVersion: 91.0.4472.19 (1bf021f248676..., userDataDir: C:\Users\renaa\AppData\Loca...}, goog:chromeOptions: {debuggerAddress: localhost:59527}, javascriptEnabled: true, networkConnectionEnabled: false, pageLoadStrategy: normal, platform: WINDOWS, platformName: WINDOWS, proxy: Proxy(), setWindowRect: true, strictFileInteractability: false, timeouts: {implicit: 0, pageLoad: 300000, script: 30000}, unhandledPromptBehavior: dismiss and notify, webauthn:extension:largeBlob: true, webauthn:virtualAuthenticators: true}
<br>&nbsp;&nbsp;&nbsp;&nbsp;Session ID: 49eb1ea36b06583e9e57c4630c6c4f99
<br>&nbsp;&nbsp;&nbsp;&nbsp;*** Element info: {Using=id, value=add_to_cart}
<br>&nbsp;&nbsp;&nbsp;&nbsp;	at java.base/jdk.internal.reflect.NativeConstructorAccessorImpl.newInstance0(Native Method)
<br>&nbsp;&nbsp;&nbsp;&nbsp;	at java.base/jdk.internal.reflect.NativeConstructorAccessorImpl.newInstance(NativeConstructorAccessorImpl.java:62)
<br>&nbsp;&nbsp;&nbsp;&nbsp;	at java.base/jdk.internal.reflect.DelegatingConstructorAccessorImpl.newInstance(DelegatingConstructorAccessorImpl.java:45)
<br>&nbsp;&nbsp;&nbsp;&nbsp;	at java.base/java.lang.reflect.Constructor.newInstance(Constructor.java:490)
<br>&nbsp;&nbsp;&nbsp;&nbsp;	at org.openqa.selenium.remote.codec.w3c.W3CHttpResponseCodec.createException(W3CHttpResponseCodec.java:196)
<br>&nbsp;&nbsp;&nbsp;&nbsp;	at org.openqa.selenium.remote.codec.w3c.W3CHttpResponseCodec.decode(W3CHttpResponseCodec.java:129)
<br>&nbsp;&nbsp;&nbsp;&nbsp;	at org.openqa.selenium.remote.codec.w3c.W3CHttpResponseCodec.decode(W3CHttpResponseCodec.java:53)
<br>&nbsp;&nbsp;&nbsp;&nbsp;	at org.openqa.selenium.remote.HttpCommandExecutor.execute(HttpCommandExecutor.java:167)
<br>&nbsp;&nbsp;&nbsp;&nbsp;	at org.openqa.selenium.remote.service.DriverCommandExecutor.execute(DriverCommandExecutor.java:123)
<br>&nbsp;&nbsp;&nbsp;&nbsp;	at org.openqa.selenium.remote.RemoteWebDriver.execute(RemoteWebDriver.java:501)
<br>&nbsp;&nbsp;&nbsp;&nbsp;	at org.openqa.selenium.remote.RemoteWebDriver.findElement(RemoteWebDriver.java:332)
<br>&nbsp;&nbsp;&nbsp;&nbsp;	at org.openqa.selenium.By$ById.findElement(By.java:193)
<br>&nbsp;&nbsp;&nbsp;&nbsp;	at org.openqa.selenium.remote.RemoteWebDriver.findElement(RemoteWebDriver.java:312)
<br>&nbsp;&nbsp;&nbsp;&nbsp;	at com.automation.libraries.AutomationLibrary.clickElement(AutomationLibrary.java:374)
<br>&nbsp;&nbsp;&nbsp;&nbsp;	at com.automation.pages.TshirtPage.addToCart(TshirtPage.java:24)
<br>&nbsp;&nbsp;&nbsp;&nbsp;	at com.automation.tests.TshirtPageTest.chooseT_Shirt(TshirtPageTest.java:17)
<br>&nbsp;&nbsp;&nbsp;&nbsp;	at java.base/jdk.internal.reflect.NativeMethodAccessorImpl.invoke0(Native Method)
<br>&nbsp;&nbsp;&nbsp;&nbsp;	at java.base/jdk.internal.reflect.NativeMethodAccessorImpl.invoke(NativeMethodAccessorImpl.java:62)
<br>&nbsp;&nbsp;&nbsp;&nbsp;	at java.base/jdk.internal.reflect.DelegatingMethodAccessorImpl.invoke(DelegatingMethodAccessorImpl.java:43)
<br>&nbsp;&nbsp;&nbsp;&nbsp;	at java.base/java.lang.reflect.Method.invoke(Method.java:566)
<br>&nbsp;&nbsp;&nbsp;&nbsp;	at org.testng.internal.MethodInvocationHelper.invokeMethod(MethodInvocationHelper.java:133)
<br>&nbsp;&nbsp;&nbsp;&nbsp;	at org.testng.internal.TestInvoker.invokeMethod(TestInvoker.java:584)
<br>&nbsp;&nbsp;&nbsp;&nbsp;	at org.testng.internal.TestInvoker.invokeTestMethod(TestInvoker.java:172)
<br>&nbsp;&nbsp;&nbsp;&nbsp;	at org.testng.internal.MethodRunner.runInSequence(MethodRunner.java:46)
<br>&nbsp;&nbsp;&nbsp;&nbsp;	at org.testng.internal.TestInvoker$MethodInvocationAgent.invoke(TestInvoker.java:804)
<br>&nbsp;&nbsp;&nbsp;&nbsp;	at org.testng.internal.TestInvoker.invokeTestMethods(TestInvoker.java:145)
<br>&nbsp;&nbsp;&nbsp;&nbsp;	at org.testng.internal.TestMethodWorker.invokeTestMethods(TestMethodWorker.java:146)
<br>&nbsp;&nbsp;&nbsp;&nbsp;	at org.testng.internal.TestMethodWorker.run(TestMethodWorker.java:128)
<br>&nbsp;&nbsp;&nbsp;&nbsp;	at java.base/java.util.ArrayList.forEach(ArrayList.java:1541)
<br>&nbsp;&nbsp;&nbsp;&nbsp;	at org.testng.TestRunner.privateRun(TestRunner.java:770)
<br>&nbsp;&nbsp;&nbsp;&nbsp;	at org.testng.TestRunner.run(TestRunner.java:591)
<br>&nbsp;&nbsp;&nbsp;&nbsp;	at org.testng.SuiteRunner.runTest(SuiteRunner.java:402)
<br>&nbsp;&nbsp;&nbsp;&nbsp;	at org.testng.SuiteRunner.runSequentially(SuiteRunner.java:396)
<br>&nbsp;&nbsp;&nbsp;&nbsp;	at org.testng.SuiteRunner.privateRun(SuiteRunner.java:355)
<br>&nbsp;&nbsp;&nbsp;&nbsp;	at org.testng.SuiteRunner.run(SuiteRunner.java:304)
<br>&nbsp;&nbsp;&nbsp;&nbsp;	at org.testng.SuiteRunnerWorker.runSuite(SuiteRunnerWorker.java:53)
<br>&nbsp;&nbsp;&nbsp;&nbsp;	at org.testng.SuiteRunnerWorker.run(SuiteRunnerWorker.java:96)
<br>&nbsp;&nbsp;&nbsp;&nbsp;	at org.testng.TestNG.runSuitesSequentially(TestNG.java:1180)
<br>&nbsp;&nbsp;&nbsp;&nbsp;	at org.testng.TestNG.runSuitesLocally(TestNG.java:1102)
<br>&nbsp;&nbsp;&nbsp;&nbsp;	at org.testng.TestNG.runSuites(TestNG.java:1032)
<br>&nbsp;&nbsp;&nbsp;&nbsp;	at org.testng.TestNG.run(TestNG.java:1000)
<br>&nbsp;&nbsp;&nbsp;&nbsp;	at org.apache.maven.surefire.testng.TestNGExecutor.run(TestNGExecutor.java:295)
<br>&nbsp;&nbsp;&nbsp;&nbsp;	at org.apache.maven.surefire.testng.TestNGXmlTestSuite.execute(TestNGXmlTestSuite.java:84)
<br>&nbsp;&nbsp;&nbsp;&nbsp;	at org.apache.maven.surefire.testng.TestNGProvider.invoke(TestNGProvider.java:90)
<br>&nbsp;&nbsp;&nbsp;&nbsp;	at org.apache.maven.surefire.booter.ForkedBooter.invokeProviderInSameClassLoader(ForkedBooter.java:203)
<br>&nbsp;&nbsp;&nbsp;&nbsp;	at org.apache.maven.surefire.booter.ForkedBooter.runSuitesInProcess(ForkedBooter.java:155)
<br>&nbsp;&nbsp;&nbsp;&nbsp;	at org.apache.maven.surefire.booter.ForkedBooter.main(ForkedBooter.java:103)
</td></tr>

<tr>
<td>79151</td>
<td title="main thread">main</td>
<td title="Level"><font color="#993300"><strong>ERROR</strong></font></td>
<td title="com.automation.libraries.ManageJP category">com.automation.libraries.ManageJP</td>
<td>ManageJP.java:43</td>
<td title="Message">Error: </td>
</tr>
<tr><td bgcolor="#993300" style="color:White; font-size : xx-small;" colspan="6">java.io.FileNotFoundException: src\test\resources\tShirtPageLocators.properties (The system cannot find the file specified)
<br>&nbsp;&nbsp;&nbsp;&nbsp;	at java.base/java.io.FileInputStream.open0(Native Method)
<br>&nbsp;&nbsp;&nbsp;&nbsp;	at java.base/java.io.FileInputStream.open(FileInputStream.java:219)
<br>&nbsp;&nbsp;&nbsp;&nbsp;	at java.base/java.io.FileInputStream.&lt;init&gt;(FileInputStream.java:157)
<br>&nbsp;&nbsp;&nbsp;&nbsp;	at java.base/java.io.FileInputStream.&lt;init&gt;(FileInputStream.java:112)
<br>&nbsp;&nbsp;&nbsp;&nbsp;	at com.automation.libraries.ManageJP.readProperty(ManageJP.java:38)
<br>&nbsp;&nbsp;&nbsp;&nbsp;	at com.automation.libraries.AutomationBase.close(AutomationBase.java:123)
<br>&nbsp;&nbsp;&nbsp;&nbsp;	at java.base/jdk.internal.reflect.NativeMethodAccessorImpl.invoke0(Native Method)
<br>&nbsp;&nbsp;&nbsp;&nbsp;	at java.base/jdk.internal.reflect.NativeMethodAccessorImpl.invoke(NativeMethodAccessorImpl.java:62)
<br>&nbsp;&nbsp;&nbsp;&nbsp;	at java.base/jdk.internal.reflect.DelegatingMethodAccessorImpl.invoke(DelegatingMethodAccessorImpl.java:43)
<br>&nbsp;&nbsp;&nbsp;&nbsp;	at java.base/java.lang.reflect.Method.invoke(Method.java:566)
<br>&nbsp;&nbsp;&nbsp;&nbsp;	at org.testng.internal.MethodInvocationHelper.invokeMethod(MethodInvocationHelper.java:133)
<br>&nbsp;&nbsp;&nbsp;&nbsp;	at org.testng.internal.MethodInvocationHelper.invokeMethodConsideringTimeout(MethodInvocationHelper.java:62)
<br>&nbsp;&nbsp;&nbsp;&nbsp;	at org.testng.internal.ConfigInvoker.invokeConfigurationMethod(ConfigInvoker.java:340)
<br>&nbsp;&nbsp;&nbsp;&nbsp;	at org.testng.internal.ConfigInvoker.invokeConfigurations(ConfigInvoker.java:294)
<br>&nbsp;&nbsp;&nbsp;&nbsp;	at org.testng.internal.TestInvoker.runConfigMethods(TestInvoker.java:683)
<br>&nbsp;&nbsp;&nbsp;&nbsp;	at org.testng.internal.TestInvoker.runAfterGroupsConfigurations(TestInvoker.java:658)
<br>&nbsp;&nbsp;&nbsp;&nbsp;	at org.testng.internal.TestInvoker.invokeMethod(TestInvoker.java:642)
<br>&nbsp;&nbsp;&nbsp;&nbsp;	at org.testng.internal.TestInvoker.invokeTestMethod(TestInvoker.java:172)
<br>&nbsp;&nbsp;&nbsp;&nbsp;	at org.testng.internal.MethodRunner.runInSequence(MethodRunner.java:46)
<br>&nbsp;&nbsp;&nbsp;&nbsp;	at org.testng.internal.TestInvoker$MethodInvocationAgent.invoke(TestInvoker.java:804)
<br>&nbsp;&nbsp;&nbsp;&nbsp;	at org.testng.internal.TestInvoker.invokeTestMethods(TestInvoker.java:145)
<br>&nbsp;&nbsp;&nbsp;&nbsp;	at org.testng.internal.TestMethodWorker.invokeTestMethods(TestMethodWorker.java:146)
<br>&nbsp;&nbsp;&nbsp;&nbsp;	at org.testng.internal.TestMethodWorker.run(TestMethodWorker.java:128)
<br>&nbsp;&nbsp;&nbsp;&nbsp;	at java.base/java.util.ArrayList.forEach(ArrayList.java:1541)
<br>&nbsp;&nbsp;&nbsp;&nbsp;	at org.testng.TestRunner.privateRun(TestRunner.java:770)
<br>&nbsp;&nbsp;&nbsp;&nbsp;	at org.testng.TestRunner.run(TestRunner.java:591)
<br>&nbsp;&nbsp;&nbsp;&nbsp;	at org.testng.SuiteRunner.runTest(SuiteRunner.java:402)
<br>&nbsp;&nbsp;&nbsp;&nbsp;	at org.testng.SuiteRunner.runSequentially(SuiteRunner.java:396)
<br>&nbsp;&nbsp;&nbsp;&nbsp;	at org.testng.SuiteRunner.privateRun(SuiteRunner.java:355)
<br>&nbsp;&nbsp;&nbsp;&nbsp;	at org.testng.SuiteRunner.run(SuiteRunner.java:304)
<br>&nbsp;&nbsp;&nbsp;&nbsp;	at org.testng.SuiteRunnerWorker.runSuite(SuiteRunnerWorker.java:53)
<br>&nbsp;&nbsp;&nbsp;&nbsp;	at org.testng.SuiteRunnerWorker.run(SuiteRunnerWorker.java:96)
<br>&nbsp;&nbsp;&nbsp;&nbsp;	at org.testng.TestNG.runSuitesSequentially(TestNG.java:1180)
<br>&nbsp;&nbsp;&nbsp;&nbsp;	at org.testng.TestNG.runSuitesLocally(TestNG.java:1102)
<br>&nbsp;&nbsp;&nbsp;&nbsp;	at org.testng.TestNG.runSuites(TestNG.java:1032)
<br>&nbsp;&nbsp;&nbsp;&nbsp;	at org.testng.TestNG.run(TestNG.java:1000)
<br>&nbsp;&nbsp;&nbsp;&nbsp;	at org.apache.maven.surefire.testng.TestNGExecutor.run(TestNGExecutor.java:295)
<br>&nbsp;&nbsp;&nbsp;&nbsp;	at org.apache.maven.surefire.testng.TestNGXmlTestSuite.execute(TestNGXmlTestSuite.java:84)
<br>&nbsp;&nbsp;&nbsp;&nbsp;	at org.apache.maven.surefire.testng.TestNGProvider.invoke(TestNGProvider.java:90)
<br>&nbsp;&nbsp;&nbsp;&nbsp;	at org.apache.maven.surefire.booter.ForkedBooter.invokeProviderInSameClassLoader(ForkedBooter.java:203)
<br>&nbsp;&nbsp;&nbsp;&nbsp;	at org.apache.maven.surefire.booter.ForkedBooter.runSuitesInProcess(ForkedBooter.java:155)
<br>&nbsp;&nbsp;&nbsp;&nbsp;	at org.apache.maven.surefire.booter.ForkedBooter.main(ForkedBooter.java:103)
</td></tr>
<!DOCTYPE HTML PUBLIC "-//W3C//DTD HTML 4.01 Transitional//EN" "http://www.w3.org/TR/html4/loose.dtd">
<html>
<head>
<title>Selenium Logs</title>
<style type="text/css">
<!--
body, table {font-family: arial,sans-serif; font-size: x-small;}
th {background: #336699; color: #FFFFFF; text-align: left;}
-->
</style>
</head>
<body bgcolor="#FFFFFF" topmargin="6" leftmargin="6">
<hr size="1" noshade>
Log session start time Fri Jul 09 22:43:45 PDT 2021<br>
<br>
<table cellspacing="0" cellpadding="4" border="1" bordercolor="#224466" width="100%">
<tr>
<th>Time</th>
<th>Thread</th>
<th>Level</th>
<th>Category</th>
<th>File:Line</th>
<th>Message</th>
</tr>

<tr>
<td>0</td>
<td title="main thread">main</td>
<td title="Level">INFO</td>
<td title="com.automation.libraries.AutomationLibrary category">com.automation.libraries.AutomationLibrary</td>
<td>AutomationLibrary.java:462</td>
<td title="Message">getCurrentTime() ---&gt; 20210709224346064</td>
</tr>

<tr>
<td>9</td>
<td title="main thread">main</td>
<td title="Level">INFO</td>
<td title="com.automation.libraries.ManageJP category">com.automation.libraries.ManageJP</td>
<td>ManageJP.java:64</td>
<td title="Message">Properties file created---&gt; src/test/resources/sessionConfig.properties</td>
</tr>

<tr>
<td>28</td>
<td title="main thread">main</td>
<td title="Level">INFO</td>
<td title="com.automation.libraries.AutomationBase category">com.automation.libraries.AutomationBase</td>
<td>AutomationBase.java:88</td>
<td title="Message">Test started...</td>
</tr>

<tr>
<td>33603</td>
<td title="main thread">main</td>
<td title="Level"><font color="#993300"><strong>ERROR</strong></font></td>
<td title="com.automation.libraries.AutomationLibrary category">com.automation.libraries.AutomationLibrary</td>
<td>AutomationLibrary.java:377</td>
<td title="Message">Error: </td>
</tr>
<tr><td bgcolor="#993300" style="color:White; font-size : xx-small;" colspan="6">org.openqa.selenium.NoSuchElementException: no such element: Unable to locate element: {&quot;method&quot;:&quot;css selector&quot;,&quot;selector&quot;:&quot;#add_to_cart&quot;}
<br>&nbsp;&nbsp;&nbsp;&nbsp;  (Session info: chrome=91.0.4472.124)
<br>&nbsp;&nbsp;&nbsp;&nbsp;For documentation on this error, please visit: https://selenium.dev/exceptions/#no_such_element
<br>&nbsp;&nbsp;&nbsp;&nbsp;Build info: version: '4.0.0-alpha-7', revision: 'de8579b6d5'
<br>&nbsp;&nbsp;&nbsp;&nbsp;System info: host: 'MYMINICOOPERPC', ip: '192.168.0.58', os.name: 'Windows 10', os.arch: 'amd64', os.version: '10.0', java.version: '11.0.9'
<br>&nbsp;&nbsp;&nbsp;&nbsp;Driver info: org.openqa.selenium.chrome.ChromeDriver
<br>&nbsp;&nbsp;&nbsp;&nbsp;Capabilities {acceptInsecureCerts: false, browserName: chrome, browserVersion: 91.0.4472.124, chrome: {chromedriverVersion: 91.0.4472.19 (1bf021f248676..., userDataDir: C:\Users\renaa\AppData\Loca...}, goog:chromeOptions: {debuggerAddress: localhost:56198}, javascriptEnabled: true, networkConnectionEnabled: false, pageLoadStrategy: normal, platform: WINDOWS, platformName: WINDOWS, proxy: Proxy(), setWindowRect: true, strictFileInteractability: false, timeouts: {implicit: 0, pageLoad: 300000, script: 30000}, unhandledPromptBehavior: dismiss and notify, webauthn:extension:largeBlob: true, webauthn:virtualAuthenticators: true}
<br>&nbsp;&nbsp;&nbsp;&nbsp;Session ID: 9eb0a8139a624cb70ef668dcf07c05c7
<br>&nbsp;&nbsp;&nbsp;&nbsp;*** Element info: {Using=id, value=add_to_cart}
<br>&nbsp;&nbsp;&nbsp;&nbsp;	at java.base/jdk.internal.reflect.NativeConstructorAccessorImpl.newInstance0(Native Method)
<br>&nbsp;&nbsp;&nbsp;&nbsp;	at java.base/jdk.internal.reflect.NativeConstructorAccessorImpl.newInstance(NativeConstructorAccessorImpl.java:62)
<br>&nbsp;&nbsp;&nbsp;&nbsp;	at java.base/jdk.internal.reflect.DelegatingConstructorAccessorImpl.newInstance(DelegatingConstructorAccessorImpl.java:45)
<br>&nbsp;&nbsp;&nbsp;&nbsp;	at java.base/java.lang.reflect.Constructor.newInstance(Constructor.java:490)
<br>&nbsp;&nbsp;&nbsp;&nbsp;	at org.openqa.selenium.remote.codec.w3c.W3CHttpResponseCodec.createException(W3CHttpResponseCodec.java:196)
<br>&nbsp;&nbsp;&nbsp;&nbsp;	at org.openqa.selenium.remote.codec.w3c.W3CHttpResponseCodec.decode(W3CHttpResponseCodec.java:129)
<br>&nbsp;&nbsp;&nbsp;&nbsp;	at org.openqa.selenium.remote.codec.w3c.W3CHttpResponseCodec.decode(W3CHttpResponseCodec.java:53)
<br>&nbsp;&nbsp;&nbsp;&nbsp;	at org.openqa.selenium.remote.HttpCommandExecutor.execute(HttpCommandExecutor.java:167)
<br>&nbsp;&nbsp;&nbsp;&nbsp;	at org.openqa.selenium.remote.service.DriverCommandExecutor.execute(DriverCommandExecutor.java:123)
<br>&nbsp;&nbsp;&nbsp;&nbsp;	at org.openqa.selenium.remote.RemoteWebDriver.execute(RemoteWebDriver.java:501)
<br>&nbsp;&nbsp;&nbsp;&nbsp;	at org.openqa.selenium.remote.RemoteWebDriver.findElement(RemoteWebDriver.java:332)
<br>&nbsp;&nbsp;&nbsp;&nbsp;	at org.openqa.selenium.By$ById.findElement(By.java:193)
<br>&nbsp;&nbsp;&nbsp;&nbsp;	at org.openqa.selenium.remote.RemoteWebDriver.findElement(RemoteWebDriver.java:312)
<br>&nbsp;&nbsp;&nbsp;&nbsp;	at com.automation.libraries.AutomationLibrary.clickElement(AutomationLibrary.java:374)
<br>&nbsp;&nbsp;&nbsp;&nbsp;	at com.automation.pages.TshirtPage.addToCart(TshirtPage.java:24)
<br>&nbsp;&nbsp;&nbsp;&nbsp;	at com.automation.tests.TshirtPageTest.chooseT_Shirt(TshirtPageTest.java:19)
<br>&nbsp;&nbsp;&nbsp;&nbsp;	at java.base/jdk.internal.reflect.NativeMethodAccessorImpl.invoke0(Native Method)
<br>&nbsp;&nbsp;&nbsp;&nbsp;	at java.base/jdk.internal.reflect.NativeMethodAccessorImpl.invoke(NativeMethodAccessorImpl.java:62)
<br>&nbsp;&nbsp;&nbsp;&nbsp;	at java.base/jdk.internal.reflect.DelegatingMethodAccessorImpl.invoke(DelegatingMethodAccessorImpl.java:43)
<br>&nbsp;&nbsp;&nbsp;&nbsp;	at java.base/java.lang.reflect.Method.invoke(Method.java:566)
<br>&nbsp;&nbsp;&nbsp;&nbsp;	at org.testng.internal.MethodInvocationHelper.invokeMethod(MethodInvocationHelper.java:133)
<br>&nbsp;&nbsp;&nbsp;&nbsp;	at org.testng.internal.TestInvoker.invokeMethod(TestInvoker.java:584)
<br>&nbsp;&nbsp;&nbsp;&nbsp;	at org.testng.internal.TestInvoker.invokeTestMethod(TestInvoker.java:172)
<br>&nbsp;&nbsp;&nbsp;&nbsp;	at org.testng.internal.MethodRunner.runInSequence(MethodRunner.java:46)
<br>&nbsp;&nbsp;&nbsp;&nbsp;	at org.testng.internal.TestInvoker$MethodInvocationAgent.invoke(TestInvoker.java:804)
<br>&nbsp;&nbsp;&nbsp;&nbsp;	at org.testng.internal.TestInvoker.invokeTestMethods(TestInvoker.java:145)
<br>&nbsp;&nbsp;&nbsp;&nbsp;	at org.testng.internal.TestMethodWorker.invokeTestMethods(TestMethodWorker.java:146)
<br>&nbsp;&nbsp;&nbsp;&nbsp;	at org.testng.internal.TestMethodWorker.run(TestMethodWorker.java:128)
<br>&nbsp;&nbsp;&nbsp;&nbsp;	at java.base/java.util.ArrayList.forEach(ArrayList.java:1541)
<br>&nbsp;&nbsp;&nbsp;&nbsp;	at org.testng.TestRunner.privateRun(TestRunner.java:770)
<br>&nbsp;&nbsp;&nbsp;&nbsp;	at org.testng.TestRunner.run(TestRunner.java:591)
<br>&nbsp;&nbsp;&nbsp;&nbsp;	at org.testng.SuiteRunner.runTest(SuiteRunner.java:402)
<br>&nbsp;&nbsp;&nbsp;&nbsp;	at org.testng.SuiteRunner.runSequentially(SuiteRunner.java:396)
<br>&nbsp;&nbsp;&nbsp;&nbsp;	at org.testng.SuiteRunner.privateRun(SuiteRunner.java:355)
<br>&nbsp;&nbsp;&nbsp;&nbsp;	at org.testng.SuiteRunner.run(SuiteRunner.java:304)
<br>&nbsp;&nbsp;&nbsp;&nbsp;	at org.testng.SuiteRunnerWorker.runSuite(SuiteRunnerWorker.java:53)
<br>&nbsp;&nbsp;&nbsp;&nbsp;	at org.testng.SuiteRunnerWorker.run(SuiteRunnerWorker.java:96)
<br>&nbsp;&nbsp;&nbsp;&nbsp;	at org.testng.TestNG.runSuitesSequentially(TestNG.java:1180)
<br>&nbsp;&nbsp;&nbsp;&nbsp;	at org.testng.TestNG.runSuitesLocally(TestNG.java:1102)
<br>&nbsp;&nbsp;&nbsp;&nbsp;	at org.testng.TestNG.runSuites(TestNG.java:1032)
<br>&nbsp;&nbsp;&nbsp;&nbsp;	at org.testng.TestNG.run(TestNG.java:1000)
<br>&nbsp;&nbsp;&nbsp;&nbsp;	at org.testng.remote.AbstractRemoteTestNG.run(AbstractRemoteTestNG.java:115)
<br>&nbsp;&nbsp;&nbsp;&nbsp;	at org.testng.remote.RemoteTestNG.initAndRun(RemoteTestNG.java:251)
<br>&nbsp;&nbsp;&nbsp;&nbsp;	at org.testng.remote.RemoteTestNG.main(RemoteTestNG.java:77)
</td></tr>

<tr>
<td>38627</td>
<td title="main thread">main</td>
<td title="Level"><font color="#993300"><strong>ERROR</strong></font></td>
<td title="com.automation.libraries.ManageJP category">com.automation.libraries.ManageJP</td>
<td>ManageJP.java:43</td>
<td title="Message">Error: </td>
</tr>
<tr><td bgcolor="#993300" style="color:White; font-size : xx-small;" colspan="6">java.io.FileNotFoundException: src\test\resources\tShirtPageLocators.properties (The system cannot find the file specified)
<br>&nbsp;&nbsp;&nbsp;&nbsp;	at java.base/java.io.FileInputStream.open0(Native Method)
<br>&nbsp;&nbsp;&nbsp;&nbsp;	at java.base/java.io.FileInputStream.open(FileInputStream.java:219)
<br>&nbsp;&nbsp;&nbsp;&nbsp;	at java.base/java.io.FileInputStream.&lt;init&gt;(FileInputStream.java:157)
<br>&nbsp;&nbsp;&nbsp;&nbsp;	at java.base/java.io.FileInputStream.&lt;init&gt;(FileInputStream.java:112)
<br>&nbsp;&nbsp;&nbsp;&nbsp;	at com.automation.libraries.ManageJP.readProperty(ManageJP.java:38)
<br>&nbsp;&nbsp;&nbsp;&nbsp;	at com.automation.libraries.AutomationBase.close(AutomationBase.java:123)
<br>&nbsp;&nbsp;&nbsp;&nbsp;	at java.base/jdk.internal.reflect.NativeMethodAccessorImpl.invoke0(Native Method)
<br>&nbsp;&nbsp;&nbsp;&nbsp;	at java.base/jdk.internal.reflect.NativeMethodAccessorImpl.invoke(NativeMethodAccessorImpl.java:62)
<br>&nbsp;&nbsp;&nbsp;&nbsp;	at java.base/jdk.internal.reflect.DelegatingMethodAccessorImpl.invoke(DelegatingMethodAccessorImpl.java:43)
<br>&nbsp;&nbsp;&nbsp;&nbsp;	at java.base/java.lang.reflect.Method.invoke(Method.java:566)
<br>&nbsp;&nbsp;&nbsp;&nbsp;	at org.testng.internal.MethodInvocationHelper.invokeMethod(MethodInvocationHelper.java:133)
<br>&nbsp;&nbsp;&nbsp;&nbsp;	at org.testng.internal.MethodInvocationHelper.invokeMethodConsideringTimeout(MethodInvocationHelper.java:62)
<br>&nbsp;&nbsp;&nbsp;&nbsp;	at org.testng.internal.ConfigInvoker.invokeConfigurationMethod(ConfigInvoker.java:340)
<br>&nbsp;&nbsp;&nbsp;&nbsp;	at org.testng.internal.ConfigInvoker.invokeConfigurations(ConfigInvoker.java:294)
<br>&nbsp;&nbsp;&nbsp;&nbsp;	at org.testng.internal.TestInvoker.runConfigMethods(TestInvoker.java:683)
<br>&nbsp;&nbsp;&nbsp;&nbsp;	at org.testng.internal.TestInvoker.runAfterGroupsConfigurations(TestInvoker.java:658)
<br>&nbsp;&nbsp;&nbsp;&nbsp;	at org.testng.internal.TestInvoker.invokeMethod(TestInvoker.java:642)
<br>&nbsp;&nbsp;&nbsp;&nbsp;	at org.testng.internal.TestInvoker.invokeTestMethod(TestInvoker.java:172)
<br>&nbsp;&nbsp;&nbsp;&nbsp;	at org.testng.internal.MethodRunner.runInSequence(MethodRunner.java:46)
<br>&nbsp;&nbsp;&nbsp;&nbsp;	at org.testng.internal.TestInvoker$MethodInvocationAgent.invoke(TestInvoker.java:804)
<br>&nbsp;&nbsp;&nbsp;&nbsp;	at org.testng.internal.TestInvoker.invokeTestMethods(TestInvoker.java:145)
<br>&nbsp;&nbsp;&nbsp;&nbsp;	at org.testng.internal.TestMethodWorker.invokeTestMethods(TestMethodWorker.java:146)
<br>&nbsp;&nbsp;&nbsp;&nbsp;	at org.testng.internal.TestMethodWorker.run(TestMethodWorker.java:128)
<br>&nbsp;&nbsp;&nbsp;&nbsp;	at java.base/java.util.ArrayList.forEach(ArrayList.java:1541)
<br>&nbsp;&nbsp;&nbsp;&nbsp;	at org.testng.TestRunner.privateRun(TestRunner.java:770)
<br>&nbsp;&nbsp;&nbsp;&nbsp;	at org.testng.TestRunner.run(TestRunner.java:591)
<br>&nbsp;&nbsp;&nbsp;&nbsp;	at org.testng.SuiteRunner.runTest(SuiteRunner.java:402)
<br>&nbsp;&nbsp;&nbsp;&nbsp;	at org.testng.SuiteRunner.runSequentially(SuiteRunner.java:396)
<br>&nbsp;&nbsp;&nbsp;&nbsp;	at org.testng.SuiteRunner.privateRun(SuiteRunner.java:355)
<br>&nbsp;&nbsp;&nbsp;&nbsp;	at org.testng.SuiteRunner.run(SuiteRunner.java:304)
<br>&nbsp;&nbsp;&nbsp;&nbsp;	at org.testng.SuiteRunnerWorker.runSuite(SuiteRunnerWorker.java:53)
<br>&nbsp;&nbsp;&nbsp;&nbsp;	at org.testng.SuiteRunnerWorker.run(SuiteRunnerWorker.java:96)
<br>&nbsp;&nbsp;&nbsp;&nbsp;	at org.testng.TestNG.runSuitesSequentially(TestNG.java:1180)
<br>&nbsp;&nbsp;&nbsp;&nbsp;	at org.testng.TestNG.runSuitesLocally(TestNG.java:1102)
<br>&nbsp;&nbsp;&nbsp;&nbsp;	at org.testng.TestNG.runSuites(TestNG.java:1032)
<br>&nbsp;&nbsp;&nbsp;&nbsp;	at org.testng.TestNG.run(TestNG.java:1000)
<br>&nbsp;&nbsp;&nbsp;&nbsp;	at org.testng.remote.AbstractRemoteTestNG.run(AbstractRemoteTestNG.java:115)
<br>&nbsp;&nbsp;&nbsp;&nbsp;	at org.testng.remote.RemoteTestNG.initAndRun(RemoteTestNG.java:251)
<br>&nbsp;&nbsp;&nbsp;&nbsp;	at org.testng.remote.RemoteTestNG.main(RemoteTestNG.java:77)
</td></tr>
<!DOCTYPE HTML PUBLIC "-//W3C//DTD HTML 4.01 Transitional//EN" "http://www.w3.org/TR/html4/loose.dtd">
<html>
<head>
<title>Selenium Logs</title>
<style type="text/css">
<!--
body, table {font-family: arial,sans-serif; font-size: x-small;}
th {background: #336699; color: #FFFFFF; text-align: left;}
-->
</style>
</head>
<body bgcolor="#FFFFFF" topmargin="6" leftmargin="6">
<hr size="1" noshade>
Log session start time Fri Jul 09 22:44:38 PDT 2021<br>
<br>
<table cellspacing="0" cellpadding="4" border="1" bordercolor="#224466" width="100%">
<tr>
<th>Time</th>
<th>Thread</th>
<th>Level</th>
<th>Category</th>
<th>File:Line</th>
<th>Message</th>
</tr>

<tr>
<td>0</td>
<td title="main thread">main</td>
<td title="Level">INFO</td>
<td title="com.automation.libraries.AutomationLibrary category">com.automation.libraries.AutomationLibrary</td>
<td>AutomationLibrary.java:462</td>
<td title="Message">getCurrentTime() ---&gt; 20210709224438156</td>
</tr>

<tr>
<td>8</td>
<td title="main thread">main</td>
<td title="Level">INFO</td>
<td title="com.automation.libraries.ManageJP category">com.automation.libraries.ManageJP</td>
<td>ManageJP.java:64</td>
<td title="Message">Properties file created---&gt; src/test/resources/sessionConfig.properties</td>
</tr>

<tr>
<td>22</td>
<td title="main thread">main</td>
<td title="Level">INFO</td>
<td title="com.automation.libraries.AutomationBase category">com.automation.libraries.AutomationBase</td>
<td>AutomationBase.java:88</td>
<td title="Message">Test started...</td>
</tr>

<tr>
<td>7336</td>
<td title="main thread">main</td>
<td title="Level">INFO</td>
<td title="com.automation.pages.MainPage category">com.automation.pages.MainPage</td>
<td>MainPage.java:21</td>
<td title="Message">My Store website URL printed</td>
</tr>

<tr>
<td>7343</td>
<td title="main thread">main</td>
<td title="Level">INFO</td>
<td title="com.automation.pages.MainPage category">com.automation.pages.MainPage</td>
<td>MainPage.java:23</td>
<td title="Message">Current website title is: My Store</td>
</tr>

<tr>
<td>37423</td>
<td title="main thread">main</td>
<td title="Level"><font color="#993300"><strong>ERROR</strong></font></td>
<td title="com.automation.libraries.AutomationLibrary category">com.automation.libraries.AutomationLibrary</td>
<td>AutomationLibrary.java:377</td>
<td title="Message">Error: </td>
</tr>
<tr><td bgcolor="#993300" style="color:White; font-size : xx-small;" colspan="6">org.openqa.selenium.NoSuchElementException: no such element: Unable to locate element: {&quot;method&quot;:&quot;css selector&quot;,&quot;selector&quot;:&quot;#add_to_cart&quot;}
<br>&nbsp;&nbsp;&nbsp;&nbsp;  (Session info: chrome=91.0.4472.124)
<br>&nbsp;&nbsp;&nbsp;&nbsp;For documentation on this error, please visit: https://selenium.dev/exceptions/#no_such_element
<br>&nbsp;&nbsp;&nbsp;&nbsp;Build info: version: '4.0.0-alpha-7', revision: 'de8579b6d5'
<br>&nbsp;&nbsp;&nbsp;&nbsp;System info: host: 'MYMINICOOPERPC', ip: '192.168.0.58', os.name: 'Windows 10', os.arch: 'amd64', os.version: '10.0', java.version: '11.0.9'
<br>&nbsp;&nbsp;&nbsp;&nbsp;Driver info: org.openqa.selenium.chrome.ChromeDriver
<br>&nbsp;&nbsp;&nbsp;&nbsp;Capabilities {acceptInsecureCerts: false, browserName: chrome, browserVersion: 91.0.4472.124, chrome: {chromedriverVersion: 91.0.4472.19 (1bf021f248676..., userDataDir: C:\Users\renaa\AppData\Loca...}, goog:chromeOptions: {debuggerAddress: localhost:50151}, javascriptEnabled: true, networkConnectionEnabled: false, pageLoadStrategy: normal, platform: WINDOWS, platformName: WINDOWS, proxy: Proxy(), setWindowRect: true, strictFileInteractability: false, timeouts: {implicit: 0, pageLoad: 300000, script: 30000}, unhandledPromptBehavior: dismiss and notify, webauthn:extension:largeBlob: true, webauthn:virtualAuthenticators: true}
<br>&nbsp;&nbsp;&nbsp;&nbsp;Session ID: 471b75f9dbd6cb40a3e5bb4b767cbca6
<br>&nbsp;&nbsp;&nbsp;&nbsp;*** Element info: {Using=id, value=add_to_cart}
<br>&nbsp;&nbsp;&nbsp;&nbsp;	at java.base/jdk.internal.reflect.NativeConstructorAccessorImpl.newInstance0(Native Method)
<br>&nbsp;&nbsp;&nbsp;&nbsp;	at java.base/jdk.internal.reflect.NativeConstructorAccessorImpl.newInstance(NativeConstructorAccessorImpl.java:62)
<br>&nbsp;&nbsp;&nbsp;&nbsp;	at java.base/jdk.internal.reflect.DelegatingConstructorAccessorImpl.newInstance(DelegatingConstructorAccessorImpl.java:45)
<br>&nbsp;&nbsp;&nbsp;&nbsp;	at java.base/java.lang.reflect.Constructor.newInstance(Constructor.java:490)
<br>&nbsp;&nbsp;&nbsp;&nbsp;	at org.openqa.selenium.remote.codec.w3c.W3CHttpResponseCodec.createException(W3CHttpResponseCodec.java:196)
<br>&nbsp;&nbsp;&nbsp;&nbsp;	at org.openqa.selenium.remote.codec.w3c.W3CHttpResponseCodec.decode(W3CHttpResponseCodec.java:129)
<br>&nbsp;&nbsp;&nbsp;&nbsp;	at org.openqa.selenium.remote.codec.w3c.W3CHttpResponseCodec.decode(W3CHttpResponseCodec.java:53)
<br>&nbsp;&nbsp;&nbsp;&nbsp;	at org.openqa.selenium.remote.HttpCommandExecutor.execute(HttpCommandExecutor.java:167)
<br>&nbsp;&nbsp;&nbsp;&nbsp;	at org.openqa.selenium.remote.service.DriverCommandExecutor.execute(DriverCommandExecutor.java:123)
<br>&nbsp;&nbsp;&nbsp;&nbsp;	at org.openqa.selenium.remote.RemoteWebDriver.execute(RemoteWebDriver.java:501)
<br>&nbsp;&nbsp;&nbsp;&nbsp;	at org.openqa.selenium.remote.RemoteWebDriver.findElement(RemoteWebDriver.java:332)
<br>&nbsp;&nbsp;&nbsp;&nbsp;	at org.openqa.selenium.By$ById.findElement(By.java:193)
<br>&nbsp;&nbsp;&nbsp;&nbsp;	at org.openqa.selenium.remote.RemoteWebDriver.findElement(RemoteWebDriver.java:312)
<br>&nbsp;&nbsp;&nbsp;&nbsp;	at com.automation.libraries.AutomationLibrary.clickElement(AutomationLibrary.java:374)
<br>&nbsp;&nbsp;&nbsp;&nbsp;	at com.automation.pages.TshirtPage.addToCart(TshirtPage.java:24)
<br>&nbsp;&nbsp;&nbsp;&nbsp;	at com.automation.tests.TshirtPageTest.chooseT_Shirt(TshirtPageTest.java:21)
<br>&nbsp;&nbsp;&nbsp;&nbsp;	at java.base/jdk.internal.reflect.NativeMethodAccessorImpl.invoke0(Native Method)
<br>&nbsp;&nbsp;&nbsp;&nbsp;	at java.base/jdk.internal.reflect.NativeMethodAccessorImpl.invoke(NativeMethodAccessorImpl.java:62)
<br>&nbsp;&nbsp;&nbsp;&nbsp;	at java.base/jdk.internal.reflect.DelegatingMethodAccessorImpl.invoke(DelegatingMethodAccessorImpl.java:43)
<br>&nbsp;&nbsp;&nbsp;&nbsp;	at java.base/java.lang.reflect.Method.invoke(Method.java:566)
<br>&nbsp;&nbsp;&nbsp;&nbsp;	at org.testng.internal.MethodInvocationHelper.invokeMethod(MethodInvocationHelper.java:133)
<br>&nbsp;&nbsp;&nbsp;&nbsp;	at org.testng.internal.TestInvoker.invokeMethod(TestInvoker.java:584)
<br>&nbsp;&nbsp;&nbsp;&nbsp;	at org.testng.internal.TestInvoker.invokeTestMethod(TestInvoker.java:172)
<br>&nbsp;&nbsp;&nbsp;&nbsp;	at org.testng.internal.MethodRunner.runInSequence(MethodRunner.java:46)
<br>&nbsp;&nbsp;&nbsp;&nbsp;	at org.testng.internal.TestInvoker$MethodInvocationAgent.invoke(TestInvoker.java:804)
<br>&nbsp;&nbsp;&nbsp;&nbsp;	at org.testng.internal.TestInvoker.invokeTestMethods(TestInvoker.java:145)
<br>&nbsp;&nbsp;&nbsp;&nbsp;	at org.testng.internal.TestMethodWorker.invokeTestMethods(TestMethodWorker.java:146)
<br>&nbsp;&nbsp;&nbsp;&nbsp;	at org.testng.internal.TestMethodWorker.run(TestMethodWorker.java:128)
<br>&nbsp;&nbsp;&nbsp;&nbsp;	at java.base/java.util.ArrayList.forEach(ArrayList.java:1541)
<br>&nbsp;&nbsp;&nbsp;&nbsp;	at org.testng.TestRunner.privateRun(TestRunner.java:770)
<br>&nbsp;&nbsp;&nbsp;&nbsp;	at org.testng.TestRunner.run(TestRunner.java:591)
<br>&nbsp;&nbsp;&nbsp;&nbsp;	at org.testng.SuiteRunner.runTest(SuiteRunner.java:402)
<br>&nbsp;&nbsp;&nbsp;&nbsp;	at org.testng.SuiteRunner.runSequentially(SuiteRunner.java:396)
<br>&nbsp;&nbsp;&nbsp;&nbsp;	at org.testng.SuiteRunner.privateRun(SuiteRunner.java:355)
<br>&nbsp;&nbsp;&nbsp;&nbsp;	at org.testng.SuiteRunner.run(SuiteRunner.java:304)
<br>&nbsp;&nbsp;&nbsp;&nbsp;	at org.testng.SuiteRunnerWorker.runSuite(SuiteRunnerWorker.java:53)
<br>&nbsp;&nbsp;&nbsp;&nbsp;	at org.testng.SuiteRunnerWorker.run(SuiteRunnerWorker.java:96)
<br>&nbsp;&nbsp;&nbsp;&nbsp;	at org.testng.TestNG.runSuitesSequentially(TestNG.java:1180)
<br>&nbsp;&nbsp;&nbsp;&nbsp;	at org.testng.TestNG.runSuitesLocally(TestNG.java:1102)
<br>&nbsp;&nbsp;&nbsp;&nbsp;	at org.testng.TestNG.runSuites(TestNG.java:1032)
<br>&nbsp;&nbsp;&nbsp;&nbsp;	at org.testng.TestNG.run(TestNG.java:1000)
<br>&nbsp;&nbsp;&nbsp;&nbsp;	at org.testng.remote.AbstractRemoteTestNG.run(AbstractRemoteTestNG.java:115)
<br>&nbsp;&nbsp;&nbsp;&nbsp;	at org.testng.remote.RemoteTestNG.initAndRun(RemoteTestNG.java:251)
<br>&nbsp;&nbsp;&nbsp;&nbsp;	at org.testng.remote.RemoteTestNG.main(RemoteTestNG.java:77)
</td></tr>

<tr>
<td>42452</td>
<td title="main thread">main</td>
<td title="Level"><font color="#993300"><strong>ERROR</strong></font></td>
<td title="com.automation.libraries.ManageJP category">com.automation.libraries.ManageJP</td>
<td>ManageJP.java:43</td>
<td title="Message">Error: </td>
</tr>
<tr><td bgcolor="#993300" style="color:White; font-size : xx-small;" colspan="6">java.io.FileNotFoundException: src\test\resources\tShirtPageLocators.properties (The system cannot find the file specified)
<br>&nbsp;&nbsp;&nbsp;&nbsp;	at java.base/java.io.FileInputStream.open0(Native Method)
<br>&nbsp;&nbsp;&nbsp;&nbsp;	at java.base/java.io.FileInputStream.open(FileInputStream.java:219)
<br>&nbsp;&nbsp;&nbsp;&nbsp;	at java.base/java.io.FileInputStream.&lt;init&gt;(FileInputStream.java:157)
<br>&nbsp;&nbsp;&nbsp;&nbsp;	at java.base/java.io.FileInputStream.&lt;init&gt;(FileInputStream.java:112)
<br>&nbsp;&nbsp;&nbsp;&nbsp;	at com.automation.libraries.ManageJP.readProperty(ManageJP.java:38)
<br>&nbsp;&nbsp;&nbsp;&nbsp;	at com.automation.libraries.AutomationBase.close(AutomationBase.java:123)
<br>&nbsp;&nbsp;&nbsp;&nbsp;	at java.base/jdk.internal.reflect.NativeMethodAccessorImpl.invoke0(Native Method)
<br>&nbsp;&nbsp;&nbsp;&nbsp;	at java.base/jdk.internal.reflect.NativeMethodAccessorImpl.invoke(NativeMethodAccessorImpl.java:62)
<br>&nbsp;&nbsp;&nbsp;&nbsp;	at java.base/jdk.internal.reflect.DelegatingMethodAccessorImpl.invoke(DelegatingMethodAccessorImpl.java:43)
<br>&nbsp;&nbsp;&nbsp;&nbsp;	at java.base/java.lang.reflect.Method.invoke(Method.java:566)
<br>&nbsp;&nbsp;&nbsp;&nbsp;	at org.testng.internal.MethodInvocationHelper.invokeMethod(MethodInvocationHelper.java:133)
<br>&nbsp;&nbsp;&nbsp;&nbsp;	at org.testng.internal.MethodInvocationHelper.invokeMethodConsideringTimeout(MethodInvocationHelper.java:62)
<br>&nbsp;&nbsp;&nbsp;&nbsp;	at org.testng.internal.ConfigInvoker.invokeConfigurationMethod(ConfigInvoker.java:340)
<br>&nbsp;&nbsp;&nbsp;&nbsp;	at org.testng.internal.ConfigInvoker.invokeConfigurations(ConfigInvoker.java:294)
<br>&nbsp;&nbsp;&nbsp;&nbsp;	at org.testng.internal.TestInvoker.runConfigMethods(TestInvoker.java:683)
<br>&nbsp;&nbsp;&nbsp;&nbsp;	at org.testng.internal.TestInvoker.runAfterGroupsConfigurations(TestInvoker.java:658)
<br>&nbsp;&nbsp;&nbsp;&nbsp;	at org.testng.internal.TestInvoker.invokeMethod(TestInvoker.java:642)
<br>&nbsp;&nbsp;&nbsp;&nbsp;	at org.testng.internal.TestInvoker.invokeTestMethod(TestInvoker.java:172)
<br>&nbsp;&nbsp;&nbsp;&nbsp;	at org.testng.internal.MethodRunner.runInSequence(MethodRunner.java:46)
<br>&nbsp;&nbsp;&nbsp;&nbsp;	at org.testng.internal.TestInvoker$MethodInvocationAgent.invoke(TestInvoker.java:804)
<br>&nbsp;&nbsp;&nbsp;&nbsp;	at org.testng.internal.TestInvoker.invokeTestMethods(TestInvoker.java:145)
<br>&nbsp;&nbsp;&nbsp;&nbsp;	at org.testng.internal.TestMethodWorker.invokeTestMethods(TestMethodWorker.java:146)
<br>&nbsp;&nbsp;&nbsp;&nbsp;	at org.testng.internal.TestMethodWorker.run(TestMethodWorker.java:128)
<br>&nbsp;&nbsp;&nbsp;&nbsp;	at java.base/java.util.ArrayList.forEach(ArrayList.java:1541)
<br>&nbsp;&nbsp;&nbsp;&nbsp;	at org.testng.TestRunner.privateRun(TestRunner.java:770)
<br>&nbsp;&nbsp;&nbsp;&nbsp;	at org.testng.TestRunner.run(TestRunner.java:591)
<br>&nbsp;&nbsp;&nbsp;&nbsp;	at org.testng.SuiteRunner.runTest(SuiteRunner.java:402)
<br>&nbsp;&nbsp;&nbsp;&nbsp;	at org.testng.SuiteRunner.runSequentially(SuiteRunner.java:396)
<br>&nbsp;&nbsp;&nbsp;&nbsp;	at org.testng.SuiteRunner.privateRun(SuiteRunner.java:355)
<br>&nbsp;&nbsp;&nbsp;&nbsp;	at org.testng.SuiteRunner.run(SuiteRunner.java:304)
<br>&nbsp;&nbsp;&nbsp;&nbsp;	at org.testng.SuiteRunnerWorker.runSuite(SuiteRunnerWorker.java:53)
<br>&nbsp;&nbsp;&nbsp;&nbsp;	at org.testng.SuiteRunnerWorker.run(SuiteRunnerWorker.java:96)
<br>&nbsp;&nbsp;&nbsp;&nbsp;	at org.testng.TestNG.runSuitesSequentially(TestNG.java:1180)
<br>&nbsp;&nbsp;&nbsp;&nbsp;	at org.testng.TestNG.runSuitesLocally(TestNG.java:1102)
<br>&nbsp;&nbsp;&nbsp;&nbsp;	at org.testng.TestNG.runSuites(TestNG.java:1032)
<br>&nbsp;&nbsp;&nbsp;&nbsp;	at org.testng.TestNG.run(TestNG.java:1000)
<br>&nbsp;&nbsp;&nbsp;&nbsp;	at org.testng.remote.AbstractRemoteTestNG.run(AbstractRemoteTestNG.java:115)
<br>&nbsp;&nbsp;&nbsp;&nbsp;	at org.testng.remote.RemoteTestNG.initAndRun(RemoteTestNG.java:251)
<br>&nbsp;&nbsp;&nbsp;&nbsp;	at org.testng.remote.RemoteTestNG.main(RemoteTestNG.java:77)
</td></tr>
<!DOCTYPE HTML PUBLIC "-//W3C//DTD HTML 4.01 Transitional//EN" "http://www.w3.org/TR/html4/loose.dtd">
<html>
<head>
<title>Selenium Logs</title>
<style type="text/css">
<!--
body, table {font-family: arial,sans-serif; font-size: x-small;}
th {background: #336699; color: #FFFFFF; text-align: left;}
-->
</style>
</head>
<body bgcolor="#FFFFFF" topmargin="6" leftmargin="6">
<hr size="1" noshade>
Log session start time Fri Jul 09 22:51:31 PDT 2021<br>
<br>
<table cellspacing="0" cellpadding="4" border="1" bordercolor="#224466" width="100%">
<tr>
<th>Time</th>
<th>Thread</th>
<th>Level</th>
<th>Category</th>
<th>File:Line</th>
<th>Message</th>
</tr>

<tr>
<td>0</td>
<td title="main thread">main</td>
<td title="Level">INFO</td>
<td title="com.automation.libraries.AutomationLibrary category">com.automation.libraries.AutomationLibrary</td>
<td>AutomationLibrary.java:462</td>
<td title="Message">getCurrentTime() ---&gt; 20210709225131302</td>
</tr>

<tr>
<td>8</td>
<td title="main thread">main</td>
<td title="Level">INFO</td>
<td title="com.automation.libraries.ManageJP category">com.automation.libraries.ManageJP</td>
<td>ManageJP.java:64</td>
<td title="Message">Properties file created---&gt; src/test/resources/sessionConfig.properties</td>
</tr>

<tr>
<td>24</td>
<td title="main thread">main</td>
<td title="Level">INFO</td>
<td title="com.automation.libraries.AutomationBase category">com.automation.libraries.AutomationBase</td>
<td>AutomationBase.java:88</td>
<td title="Message">Test started...</td>
</tr>

<tr>
<td>9618</td>
<td title="main thread">main</td>
<td title="Level">INFO</td>
<td title="com.automation.pages.MainPage category">com.automation.pages.MainPage</td>
<td>MainPage.java:21</td>
<td title="Message">My Store website URL printed</td>
</tr>

<tr>
<td>9626</td>
<td title="main thread">main</td>
<td title="Level">INFO</td>
<td title="com.automation.pages.MainPage category">com.automation.pages.MainPage</td>
<td>MainPage.java:23</td>
<td title="Message">Current website title is: My Store</td>
</tr>

<tr>
<td>14648</td>
<td title="main thread">main</td>
<td title="Level"><font color="#993300"><strong>ERROR</strong></font></td>
<td title="com.automation.libraries.ManageJP category">com.automation.libraries.ManageJP</td>
<td>ManageJP.java:43</td>
<td title="Message">Error: </td>
</tr>
<tr><td bgcolor="#993300" style="color:White; font-size : xx-small;" colspan="6">java.io.FileNotFoundException: src\test\resources\tShirtPageLocators.properties (The system cannot find the file specified)
<br>&nbsp;&nbsp;&nbsp;&nbsp;	at java.base/java.io.FileInputStream.open0(Native Method)
<br>&nbsp;&nbsp;&nbsp;&nbsp;	at java.base/java.io.FileInputStream.open(FileInputStream.java:219)
<br>&nbsp;&nbsp;&nbsp;&nbsp;	at java.base/java.io.FileInputStream.&lt;init&gt;(FileInputStream.java:157)
<br>&nbsp;&nbsp;&nbsp;&nbsp;	at java.base/java.io.FileInputStream.&lt;init&gt;(FileInputStream.java:112)
<br>&nbsp;&nbsp;&nbsp;&nbsp;	at com.automation.libraries.ManageJP.readProperty(ManageJP.java:38)
<br>&nbsp;&nbsp;&nbsp;&nbsp;	at com.automation.libraries.AutomationBase.close(AutomationBase.java:123)
<br>&nbsp;&nbsp;&nbsp;&nbsp;	at java.base/jdk.internal.reflect.NativeMethodAccessorImpl.invoke0(Native Method)
<br>&nbsp;&nbsp;&nbsp;&nbsp;	at java.base/jdk.internal.reflect.NativeMethodAccessorImpl.invoke(NativeMethodAccessorImpl.java:62)
<br>&nbsp;&nbsp;&nbsp;&nbsp;	at java.base/jdk.internal.reflect.DelegatingMethodAccessorImpl.invoke(DelegatingMethodAccessorImpl.java:43)
<br>&nbsp;&nbsp;&nbsp;&nbsp;	at java.base/java.lang.reflect.Method.invoke(Method.java:566)
<br>&nbsp;&nbsp;&nbsp;&nbsp;	at org.testng.internal.MethodInvocationHelper.invokeMethod(MethodInvocationHelper.java:133)
<br>&nbsp;&nbsp;&nbsp;&nbsp;	at org.testng.internal.MethodInvocationHelper.invokeMethodConsideringTimeout(MethodInvocationHelper.java:62)
<br>&nbsp;&nbsp;&nbsp;&nbsp;	at org.testng.internal.ConfigInvoker.invokeConfigurationMethod(ConfigInvoker.java:340)
<br>&nbsp;&nbsp;&nbsp;&nbsp;	at org.testng.internal.ConfigInvoker.invokeConfigurations(ConfigInvoker.java:294)
<br>&nbsp;&nbsp;&nbsp;&nbsp;	at org.testng.internal.TestInvoker.runConfigMethods(TestInvoker.java:683)
<br>&nbsp;&nbsp;&nbsp;&nbsp;	at org.testng.internal.TestInvoker.runAfterGroupsConfigurations(TestInvoker.java:658)
<br>&nbsp;&nbsp;&nbsp;&nbsp;	at org.testng.internal.TestInvoker.invokeMethod(TestInvoker.java:642)
<br>&nbsp;&nbsp;&nbsp;&nbsp;	at org.testng.internal.TestInvoker.invokeTestMethod(TestInvoker.java:172)
<br>&nbsp;&nbsp;&nbsp;&nbsp;	at org.testng.internal.MethodRunner.runInSequence(MethodRunner.java:46)
<br>&nbsp;&nbsp;&nbsp;&nbsp;	at org.testng.internal.TestInvoker$MethodInvocationAgent.invoke(TestInvoker.java:804)
<br>&nbsp;&nbsp;&nbsp;&nbsp;	at org.testng.internal.TestInvoker.invokeTestMethods(TestInvoker.java:145)
<br>&nbsp;&nbsp;&nbsp;&nbsp;	at org.testng.internal.TestMethodWorker.invokeTestMethods(TestMethodWorker.java:146)
<br>&nbsp;&nbsp;&nbsp;&nbsp;	at org.testng.internal.TestMethodWorker.run(TestMethodWorker.java:128)
<br>&nbsp;&nbsp;&nbsp;&nbsp;	at java.base/java.util.ArrayList.forEach(ArrayList.java:1541)
<br>&nbsp;&nbsp;&nbsp;&nbsp;	at org.testng.TestRunner.privateRun(TestRunner.java:770)
<br>&nbsp;&nbsp;&nbsp;&nbsp;	at org.testng.TestRunner.run(TestRunner.java:591)
<br>&nbsp;&nbsp;&nbsp;&nbsp;	at org.testng.SuiteRunner.runTest(SuiteRunner.java:402)
<br>&nbsp;&nbsp;&nbsp;&nbsp;	at org.testng.SuiteRunner.runSequentially(SuiteRunner.java:396)
<br>&nbsp;&nbsp;&nbsp;&nbsp;	at org.testng.SuiteRunner.privateRun(SuiteRunner.java:355)
<br>&nbsp;&nbsp;&nbsp;&nbsp;	at org.testng.SuiteRunner.run(SuiteRunner.java:304)
<br>&nbsp;&nbsp;&nbsp;&nbsp;	at org.testng.SuiteRunnerWorker.runSuite(SuiteRunnerWorker.java:53)
<br>&nbsp;&nbsp;&nbsp;&nbsp;	at org.testng.SuiteRunnerWorker.run(SuiteRunnerWorker.java:96)
<br>&nbsp;&nbsp;&nbsp;&nbsp;	at org.testng.TestNG.runSuitesSequentially(TestNG.java:1180)
<br>&nbsp;&nbsp;&nbsp;&nbsp;	at org.testng.TestNG.runSuitesLocally(TestNG.java:1102)
<br>&nbsp;&nbsp;&nbsp;&nbsp;	at org.testng.TestNG.runSuites(TestNG.java:1032)
<br>&nbsp;&nbsp;&nbsp;&nbsp;	at org.testng.TestNG.run(TestNG.java:1000)
<br>&nbsp;&nbsp;&nbsp;&nbsp;	at org.testng.remote.AbstractRemoteTestNG.run(AbstractRemoteTestNG.java:115)
<br>&nbsp;&nbsp;&nbsp;&nbsp;	at org.testng.remote.RemoteTestNG.initAndRun(RemoteTestNG.java:251)
<br>&nbsp;&nbsp;&nbsp;&nbsp;	at org.testng.remote.RemoteTestNG.main(RemoteTestNG.java:77)
</td></tr>
<!DOCTYPE HTML PUBLIC "-//W3C//DTD HTML 4.01 Transitional//EN" "http://www.w3.org/TR/html4/loose.dtd">
<html>
<head>
<title>Selenium Logs</title>
<style type="text/css">
<!--
body, table {font-family: arial,sans-serif; font-size: x-small;}
th {background: #336699; color: #FFFFFF; text-align: left;}
-->
</style>
</head>
<body bgcolor="#FFFFFF" topmargin="6" leftmargin="6">
<hr size="1" noshade>
Log session start time Sat Jul 10 18:37:08 PDT 2021<br>
<br>
<table cellspacing="0" cellpadding="4" border="1" bordercolor="#224466" width="100%">
<tr>
<th>Time</th>
<th>Thread</th>
<th>Level</th>
<th>Category</th>
<th>File:Line</th>
<th>Message</th>
</tr>

<tr>
<td>0</td>
<td title="main thread">main</td>
<td title="Level">INFO</td>
<td title="com.automation.libraries.AutomationLibrary category">com.automation.libraries.AutomationLibrary</td>
<td>AutomationLibrary.java:462</td>
<td title="Message">getCurrentTime() ---&gt; 20210710183708906</td>
</tr>

<tr>
<td>27</td>
<td title="main thread">main</td>
<td title="Level">INFO</td>
<td title="com.automation.libraries.ManageJP category">com.automation.libraries.ManageJP</td>
<td>ManageJP.java:64</td>
<td title="Message">Properties file created---&gt; src/test/resources/sessionConfig.properties</td>
</tr>

<tr>
<td>64</td>
<td title="main thread">main</td>
<td title="Level">INFO</td>
<td title="com.automation.libraries.AutomationBase category">com.automation.libraries.AutomationBase</td>
<td>AutomationBase.java:88</td>
<td title="Message">Test started...</td>
</tr>

<tr>
<td>9802</td>
<td title="main thread">main</td>
<td title="Level">INFO</td>
<td title="com.automation.pages.MainPage category">com.automation.pages.MainPage</td>
<td>MainPage.java:21</td>
<td title="Message">My Store website URL printed</td>
</tr>

<tr>
<td>9850</td>
<td title="main thread">main</td>
<td title="Level">INFO</td>
<td title="com.automation.pages.MainPage category">com.automation.pages.MainPage</td>
<td>MainPage.java:23</td>
<td title="Message">Current website title is: My Store</td>
</tr>

<tr>
<td>39923</td>
<td title="main thread">main</td>
<td title="Level"><font color="#993300"><strong>ERROR</strong></font></td>
<td title="com.automation.libraries.AutomationLibrary category">com.automation.libraries.AutomationLibrary</td>
<td>AutomationLibrary.java:433</td>
<td title="Message">Error:</td>
</tr>
<tr><td bgcolor="#993300" style="color:White; font-size : xx-small;" colspan="6">org.openqa.selenium.NoSuchElementException: no such element: Unable to locate element: {&quot;method&quot;:&quot;css selector&quot;,&quot;selector&quot;:&quot;#search_query_top\ &quot;}
<br>&nbsp;&nbsp;&nbsp;&nbsp;  (Session info: chrome=91.0.4472.124)
<br>&nbsp;&nbsp;&nbsp;&nbsp;For documentation on this error, please visit: https://selenium.dev/exceptions/#no_such_element
<br>&nbsp;&nbsp;&nbsp;&nbsp;Build info: version: '4.0.0-alpha-7', revision: 'de8579b6d5'
<br>&nbsp;&nbsp;&nbsp;&nbsp;System info: host: 'MYMINICOOPERPC', ip: '192.168.0.58', os.name: 'Windows 10', os.arch: 'amd64', os.version: '10.0', java.version: '11.0.9'
<br>&nbsp;&nbsp;&nbsp;&nbsp;Driver info: org.openqa.selenium.chrome.ChromeDriver
<br>&nbsp;&nbsp;&nbsp;&nbsp;Capabilities {acceptInsecureCerts: false, browserName: chrome, browserVersion: 91.0.4472.124, chrome: {chromedriverVersion: 91.0.4472.19 (1bf021f248676..., userDataDir: C:\Users\renaa\AppData\Loca...}, goog:chromeOptions: {debuggerAddress: localhost:50954}, javascriptEnabled: true, networkConnectionEnabled: false, pageLoadStrategy: normal, platform: WINDOWS, platformName: WINDOWS, proxy: Proxy(), setWindowRect: true, strictFileInteractability: false, timeouts: {implicit: 0, pageLoad: 300000, script: 30000}, unhandledPromptBehavior: dismiss and notify, webauthn:extension:largeBlob: true, webauthn:virtualAuthenticators: true}
<br>&nbsp;&nbsp;&nbsp;&nbsp;Session ID: 86ae283e80342372df670fb1c2cdf70d
<br>&nbsp;&nbsp;&nbsp;&nbsp;*** Element info: {Using=id, value=search_query_top }
<br>&nbsp;&nbsp;&nbsp;&nbsp;	at java.base/jdk.internal.reflect.NativeConstructorAccessorImpl.newInstance0(Native Method)
<br>&nbsp;&nbsp;&nbsp;&nbsp;	at java.base/jdk.internal.reflect.NativeConstructorAccessorImpl.newInstance(NativeConstructorAccessorImpl.java:62)
<br>&nbsp;&nbsp;&nbsp;&nbsp;	at java.base/jdk.internal.reflect.DelegatingConstructorAccessorImpl.newInstance(DelegatingConstructorAccessorImpl.java:45)
<br>&nbsp;&nbsp;&nbsp;&nbsp;	at java.base/java.lang.reflect.Constructor.newInstance(Constructor.java:490)
<br>&nbsp;&nbsp;&nbsp;&nbsp;	at org.openqa.selenium.remote.codec.w3c.W3CHttpResponseCodec.createException(W3CHttpResponseCodec.java:196)
<br>&nbsp;&nbsp;&nbsp;&nbsp;	at org.openqa.selenium.remote.codec.w3c.W3CHttpResponseCodec.decode(W3CHttpResponseCodec.java:129)
<br>&nbsp;&nbsp;&nbsp;&nbsp;	at org.openqa.selenium.remote.codec.w3c.W3CHttpResponseCodec.decode(W3CHttpResponseCodec.java:53)
<br>&nbsp;&nbsp;&nbsp;&nbsp;	at org.openqa.selenium.remote.HttpCommandExecutor.execute(HttpCommandExecutor.java:167)
<br>&nbsp;&nbsp;&nbsp;&nbsp;	at org.openqa.selenium.remote.service.DriverCommandExecutor.execute(DriverCommandExecutor.java:123)
<br>&nbsp;&nbsp;&nbsp;&nbsp;	at org.openqa.selenium.remote.RemoteWebDriver.execute(RemoteWebDriver.java:501)
<br>&nbsp;&nbsp;&nbsp;&nbsp;	at org.openqa.selenium.remote.RemoteWebDriver.findElement(RemoteWebDriver.java:332)
<br>&nbsp;&nbsp;&nbsp;&nbsp;	at org.openqa.selenium.By$ById.findElement(By.java:193)
<br>&nbsp;&nbsp;&nbsp;&nbsp;	at org.openqa.selenium.remote.RemoteWebDriver.findElement(RemoteWebDriver.java:312)
<br>&nbsp;&nbsp;&nbsp;&nbsp;	at com.automation.libraries.AutomationLibrary.sendKey(AutomationLibrary.java:428)
<br>&nbsp;&nbsp;&nbsp;&nbsp;	at com.automation.pages.MainPage.searchItem(MainPage.java:35)
<br>&nbsp;&nbsp;&nbsp;&nbsp;	at com.automation.tests.MainPageTests.shoppingTest(MainPageTests.java:28)
<br>&nbsp;&nbsp;&nbsp;&nbsp;	at java.base/jdk.internal.reflect.NativeMethodAccessorImpl.invoke0(Native Method)
<br>&nbsp;&nbsp;&nbsp;&nbsp;	at java.base/jdk.internal.reflect.NativeMethodAccessorImpl.invoke(NativeMethodAccessorImpl.java:62)
<br>&nbsp;&nbsp;&nbsp;&nbsp;	at java.base/jdk.internal.reflect.DelegatingMethodAccessorImpl.invoke(DelegatingMethodAccessorImpl.java:43)
<br>&nbsp;&nbsp;&nbsp;&nbsp;	at java.base/java.lang.reflect.Method.invoke(Method.java:566)
<br>&nbsp;&nbsp;&nbsp;&nbsp;	at org.testng.internal.MethodInvocationHelper.invokeMethod(MethodInvocationHelper.java:133)
<br>&nbsp;&nbsp;&nbsp;&nbsp;	at org.testng.internal.TestInvoker.invokeMethod(TestInvoker.java:584)
<br>&nbsp;&nbsp;&nbsp;&nbsp;	at org.testng.internal.TestInvoker.invokeTestMethod(TestInvoker.java:172)
<br>&nbsp;&nbsp;&nbsp;&nbsp;	at org.testng.internal.MethodRunner.runInSequence(MethodRunner.java:46)
<br>&nbsp;&nbsp;&nbsp;&nbsp;	at org.testng.internal.TestInvoker$MethodInvocationAgent.invoke(TestInvoker.java:804)
<br>&nbsp;&nbsp;&nbsp;&nbsp;	at org.testng.internal.TestInvoker.invokeTestMethods(TestInvoker.java:145)
<br>&nbsp;&nbsp;&nbsp;&nbsp;	at org.testng.internal.TestMethodWorker.invokeTestMethods(TestMethodWorker.java:146)
<br>&nbsp;&nbsp;&nbsp;&nbsp;	at org.testng.internal.TestMethodWorker.run(TestMethodWorker.java:128)
<br>&nbsp;&nbsp;&nbsp;&nbsp;	at java.base/java.util.ArrayList.forEach(ArrayList.java:1541)
<br>&nbsp;&nbsp;&nbsp;&nbsp;	at org.testng.TestRunner.privateRun(TestRunner.java:770)
<br>&nbsp;&nbsp;&nbsp;&nbsp;	at org.testng.TestRunner.run(TestRunner.java:591)
<br>&nbsp;&nbsp;&nbsp;&nbsp;	at org.testng.SuiteRunner.runTest(SuiteRunner.java:402)
<br>&nbsp;&nbsp;&nbsp;&nbsp;	at org.testng.SuiteRunner.runSequentially(SuiteRunner.java:396)
<br>&nbsp;&nbsp;&nbsp;&nbsp;	at org.testng.SuiteRunner.privateRun(SuiteRunner.java:355)
<br>&nbsp;&nbsp;&nbsp;&nbsp;	at org.testng.SuiteRunner.run(SuiteRunner.java:304)
<br>&nbsp;&nbsp;&nbsp;&nbsp;	at org.testng.SuiteRunnerWorker.runSuite(SuiteRunnerWorker.java:53)
<br>&nbsp;&nbsp;&nbsp;&nbsp;	at org.testng.SuiteRunnerWorker.run(SuiteRunnerWorker.java:96)
<br>&nbsp;&nbsp;&nbsp;&nbsp;	at org.testng.TestNG.runSuitesSequentially(TestNG.java:1180)
<br>&nbsp;&nbsp;&nbsp;&nbsp;	at org.testng.TestNG.runSuitesLocally(TestNG.java:1102)
<br>&nbsp;&nbsp;&nbsp;&nbsp;	at org.testng.TestNG.runSuites(TestNG.java:1032)
<br>&nbsp;&nbsp;&nbsp;&nbsp;	at org.testng.TestNG.run(TestNG.java:1000)
<br>&nbsp;&nbsp;&nbsp;&nbsp;	at org.testng.remote.AbstractRemoteTestNG.run(AbstractRemoteTestNG.java:115)
<br>&nbsp;&nbsp;&nbsp;&nbsp;	at org.testng.remote.RemoteTestNG.initAndRun(RemoteTestNG.java:251)
<br>&nbsp;&nbsp;&nbsp;&nbsp;	at org.testng.remote.RemoteTestNG.main(RemoteTestNG.java:77)
</td></tr>

<tr>
<td>44946</td>
<td title="main thread">main</td>
<td title="Level"><font color="#993300"><strong>ERROR</strong></font></td>
<td title="com.automation.libraries.ManageJP category">com.automation.libraries.ManageJP</td>
<td>ManageJP.java:43</td>
<td title="Message">Error: </td>
</tr>
<tr><td bgcolor="#993300" style="color:White; font-size : xx-small;" colspan="6">java.io.FileNotFoundException: src\test\resources\tShirtPageLocators.properties (The system cannot find the file specified)
<br>&nbsp;&nbsp;&nbsp;&nbsp;	at java.base/java.io.FileInputStream.open0(Native Method)
<br>&nbsp;&nbsp;&nbsp;&nbsp;	at java.base/java.io.FileInputStream.open(FileInputStream.java:219)
<br>&nbsp;&nbsp;&nbsp;&nbsp;	at java.base/java.io.FileInputStream.&lt;init&gt;(FileInputStream.java:157)
<br>&nbsp;&nbsp;&nbsp;&nbsp;	at java.base/java.io.FileInputStream.&lt;init&gt;(FileInputStream.java:112)
<br>&nbsp;&nbsp;&nbsp;&nbsp;	at com.automation.libraries.ManageJP.readProperty(ManageJP.java:38)
<br>&nbsp;&nbsp;&nbsp;&nbsp;	at com.automation.libraries.AutomationBase.close(AutomationBase.java:123)
<br>&nbsp;&nbsp;&nbsp;&nbsp;	at java.base/jdk.internal.reflect.NativeMethodAccessorImpl.invoke0(Native Method)
<br>&nbsp;&nbsp;&nbsp;&nbsp;	at java.base/jdk.internal.reflect.NativeMethodAccessorImpl.invoke(NativeMethodAccessorImpl.java:62)
<br>&nbsp;&nbsp;&nbsp;&nbsp;	at java.base/jdk.internal.reflect.DelegatingMethodAccessorImpl.invoke(DelegatingMethodAccessorImpl.java:43)
<br>&nbsp;&nbsp;&nbsp;&nbsp;	at java.base/java.lang.reflect.Method.invoke(Method.java:566)
<br>&nbsp;&nbsp;&nbsp;&nbsp;	at org.testng.internal.MethodInvocationHelper.invokeMethod(MethodInvocationHelper.java:133)
<br>&nbsp;&nbsp;&nbsp;&nbsp;	at org.testng.internal.MethodInvocationHelper.invokeMethodConsideringTimeout(MethodInvocationHelper.java:62)
<br>&nbsp;&nbsp;&nbsp;&nbsp;	at org.testng.internal.ConfigInvoker.invokeConfigurationMethod(ConfigInvoker.java:340)
<br>&nbsp;&nbsp;&nbsp;&nbsp;	at org.testng.internal.ConfigInvoker.invokeConfigurations(ConfigInvoker.java:294)
<br>&nbsp;&nbsp;&nbsp;&nbsp;	at org.testng.internal.TestInvoker.runConfigMethods(TestInvoker.java:683)
<br>&nbsp;&nbsp;&nbsp;&nbsp;	at org.testng.internal.TestInvoker.runAfterGroupsConfigurations(TestInvoker.java:658)
<br>&nbsp;&nbsp;&nbsp;&nbsp;	at org.testng.internal.TestInvoker.invokeMethod(TestInvoker.java:642)
<br>&nbsp;&nbsp;&nbsp;&nbsp;	at org.testng.internal.TestInvoker.invokeTestMethod(TestInvoker.java:172)
<br>&nbsp;&nbsp;&nbsp;&nbsp;	at org.testng.internal.MethodRunner.runInSequence(MethodRunner.java:46)
<br>&nbsp;&nbsp;&nbsp;&nbsp;	at org.testng.internal.TestInvoker$MethodInvocationAgent.invoke(TestInvoker.java:804)
<br>&nbsp;&nbsp;&nbsp;&nbsp;	at org.testng.internal.TestInvoker.invokeTestMethods(TestInvoker.java:145)
<br>&nbsp;&nbsp;&nbsp;&nbsp;	at org.testng.internal.TestMethodWorker.invokeTestMethods(TestMethodWorker.java:146)
<br>&nbsp;&nbsp;&nbsp;&nbsp;	at org.testng.internal.TestMethodWorker.run(TestMethodWorker.java:128)
<br>&nbsp;&nbsp;&nbsp;&nbsp;	at java.base/java.util.ArrayList.forEach(ArrayList.java:1541)
<br>&nbsp;&nbsp;&nbsp;&nbsp;	at org.testng.TestRunner.privateRun(TestRunner.java:770)
<br>&nbsp;&nbsp;&nbsp;&nbsp;	at org.testng.TestRunner.run(TestRunner.java:591)
<br>&nbsp;&nbsp;&nbsp;&nbsp;	at org.testng.SuiteRunner.runTest(SuiteRunner.java:402)
<br>&nbsp;&nbsp;&nbsp;&nbsp;	at org.testng.SuiteRunner.runSequentially(SuiteRunner.java:396)
<br>&nbsp;&nbsp;&nbsp;&nbsp;	at org.testng.SuiteRunner.privateRun(SuiteRunner.java:355)
<br>&nbsp;&nbsp;&nbsp;&nbsp;	at org.testng.SuiteRunner.run(SuiteRunner.java:304)
<br>&nbsp;&nbsp;&nbsp;&nbsp;	at org.testng.SuiteRunnerWorker.runSuite(SuiteRunnerWorker.java:53)
<br>&nbsp;&nbsp;&nbsp;&nbsp;	at org.testng.SuiteRunnerWorker.run(SuiteRunnerWorker.java:96)
<br>&nbsp;&nbsp;&nbsp;&nbsp;	at org.testng.TestNG.runSuitesSequentially(TestNG.java:1180)
<br>&nbsp;&nbsp;&nbsp;&nbsp;	at org.testng.TestNG.runSuitesLocally(TestNG.java:1102)
<br>&nbsp;&nbsp;&nbsp;&nbsp;	at org.testng.TestNG.runSuites(TestNG.java:1032)
<br>&nbsp;&nbsp;&nbsp;&nbsp;	at org.testng.TestNG.run(TestNG.java:1000)
<br>&nbsp;&nbsp;&nbsp;&nbsp;	at org.testng.remote.AbstractRemoteTestNG.run(AbstractRemoteTestNG.java:115)
<br>&nbsp;&nbsp;&nbsp;&nbsp;	at org.testng.remote.RemoteTestNG.initAndRun(RemoteTestNG.java:251)
<br>&nbsp;&nbsp;&nbsp;&nbsp;	at org.testng.remote.RemoteTestNG.main(RemoteTestNG.java:77)
</td></tr>
<!DOCTYPE HTML PUBLIC "-//W3C//DTD HTML 4.01 Transitional//EN" "http://www.w3.org/TR/html4/loose.dtd">
<html>
<head>
<title>Selenium Logs</title>
<style type="text/css">
<!--
body, table {font-family: arial,sans-serif; font-size: x-small;}
th {background: #336699; color: #FFFFFF; text-align: left;}
-->
</style>
</head>
<body bgcolor="#FFFFFF" topmargin="6" leftmargin="6">
<hr size="1" noshade>
Log session start time Sat Jul 10 18:39:35 PDT 2021<br>
<br>
<table cellspacing="0" cellpadding="4" border="1" bordercolor="#224466" width="100%">
<tr>
<th>Time</th>
<th>Thread</th>
<th>Level</th>
<th>Category</th>
<th>File:Line</th>
<th>Message</th>
</tr>

<tr>
<td>0</td>
<td title="main thread">main</td>
<td title="Level">INFO</td>
<td title="com.automation.libraries.AutomationLibrary category">com.automation.libraries.AutomationLibrary</td>
<td>AutomationLibrary.java:462</td>
<td title="Message">getCurrentTime() ---&gt; 20210710183935809</td>
</tr>

<tr>
<td>35</td>
<td title="main thread">main</td>
<td title="Level">INFO</td>
<td title="com.automation.libraries.ManageJP category">com.automation.libraries.ManageJP</td>
<td>ManageJP.java:64</td>
<td title="Message">Properties file created---&gt; src/test/resources/sessionConfig.properties</td>
</tr>

<tr>
<td>75</td>
<td title="main thread">main</td>
<td title="Level">INFO</td>
<td title="com.automation.libraries.AutomationBase category">com.automation.libraries.AutomationBase</td>
<td>AutomationBase.java:88</td>
<td title="Message">Test started...</td>
</tr>

<tr>
<td>35891</td>
<td title="main thread">main</td>
<td title="Level"><font color="#993300"><strong>ERROR</strong></font></td>
<td title="com.automation.libraries.AutomationLibrary category">com.automation.libraries.AutomationLibrary</td>
<td>AutomationLibrary.java:377</td>
<td title="Message">Error: </td>
</tr>
<tr><td bgcolor="#993300" style="color:White; font-size : xx-small;" colspan="6">org.openqa.selenium.NoSuchElementException: Cannot locate an element using id=add_to_cart
<br>&nbsp;&nbsp;&nbsp;&nbsp;For documentation on this error, please visit: https://selenium.dev/exceptions/#no_such_element
<br>&nbsp;&nbsp;&nbsp;&nbsp;Build info: version: '4.0.0-alpha-7', revision: 'de8579b6d5'
<br>&nbsp;&nbsp;&nbsp;&nbsp;System info: host: 'MYMINICOOPERPC', ip: '192.168.0.58', os.name: 'Windows 10', os.arch: 'amd64', os.version: '10.0', java.version: '11.0.9'
<br>&nbsp;&nbsp;&nbsp;&nbsp;Driver info: driver.version: RemoteWebDriver
<br>&nbsp;&nbsp;&nbsp;&nbsp;	at org.openqa.selenium.remote.RemoteWebDriver.findElement(RemoteWebDriver.java:335)
<br>&nbsp;&nbsp;&nbsp;&nbsp;	at org.openqa.selenium.By$ById.findElement(By.java:193)
<br>&nbsp;&nbsp;&nbsp;&nbsp;	at org.openqa.selenium.remote.RemoteWebDriver.findElement(RemoteWebDriver.java:312)
<br>&nbsp;&nbsp;&nbsp;&nbsp;	at com.automation.libraries.AutomationLibrary.clickElement(AutomationLibrary.java:374)
<br>&nbsp;&nbsp;&nbsp;&nbsp;	at com.automation.pages.TshirtPage.addToCart(TshirtPage.java:24)
<br>&nbsp;&nbsp;&nbsp;&nbsp;	at com.automation.tests.TshirtPageTest.chooseT_Shirt(TshirtPageTest.java:20)
<br>&nbsp;&nbsp;&nbsp;&nbsp;	at java.base/jdk.internal.reflect.NativeMethodAccessorImpl.invoke0(Native Method)
<br>&nbsp;&nbsp;&nbsp;&nbsp;	at java.base/jdk.internal.reflect.NativeMethodAccessorImpl.invoke(NativeMethodAccessorImpl.java:62)
<br>&nbsp;&nbsp;&nbsp;&nbsp;	at java.base/jdk.internal.reflect.DelegatingMethodAccessorImpl.invoke(DelegatingMethodAccessorImpl.java:43)
<br>&nbsp;&nbsp;&nbsp;&nbsp;	at java.base/java.lang.reflect.Method.invoke(Method.java:566)
<br>&nbsp;&nbsp;&nbsp;&nbsp;	at org.testng.internal.MethodInvocationHelper.invokeMethod(MethodInvocationHelper.java:133)
<br>&nbsp;&nbsp;&nbsp;&nbsp;	at org.testng.internal.TestInvoker.invokeMethod(TestInvoker.java:584)
<br>&nbsp;&nbsp;&nbsp;&nbsp;	at org.testng.internal.TestInvoker.invokeTestMethod(TestInvoker.java:172)
<br>&nbsp;&nbsp;&nbsp;&nbsp;	at org.testng.internal.MethodRunner.runInSequence(MethodRunner.java:46)
<br>&nbsp;&nbsp;&nbsp;&nbsp;	at org.testng.internal.TestInvoker$MethodInvocationAgent.invoke(TestInvoker.java:804)
<br>&nbsp;&nbsp;&nbsp;&nbsp;	at org.testng.internal.TestInvoker.invokeTestMethods(TestInvoker.java:145)
<br>&nbsp;&nbsp;&nbsp;&nbsp;	at org.testng.internal.TestMethodWorker.invokeTestMethods(TestMethodWorker.java:146)
<br>&nbsp;&nbsp;&nbsp;&nbsp;	at org.testng.internal.TestMethodWorker.run(TestMethodWorker.java:128)
<br>&nbsp;&nbsp;&nbsp;&nbsp;	at java.base/java.util.ArrayList.forEach(ArrayList.java:1541)
<br>&nbsp;&nbsp;&nbsp;&nbsp;	at org.testng.TestRunner.privateRun(TestRunner.java:770)
<br>&nbsp;&nbsp;&nbsp;&nbsp;	at org.testng.TestRunner.run(TestRunner.java:591)
<br>&nbsp;&nbsp;&nbsp;&nbsp;	at org.testng.SuiteRunner.runTest(SuiteRunner.java:402)
<br>&nbsp;&nbsp;&nbsp;&nbsp;	at org.testng.SuiteRunner.runSequentially(SuiteRunner.java:396)
<br>&nbsp;&nbsp;&nbsp;&nbsp;	at org.testng.SuiteRunner.privateRun(SuiteRunner.java:355)
<br>&nbsp;&nbsp;&nbsp;&nbsp;	at org.testng.SuiteRunner.run(SuiteRunner.java:304)
<br>&nbsp;&nbsp;&nbsp;&nbsp;	at org.testng.SuiteRunnerWorker.runSuite(SuiteRunnerWorker.java:53)
<br>&nbsp;&nbsp;&nbsp;&nbsp;	at org.testng.SuiteRunnerWorker.run(SuiteRunnerWorker.java:96)
<br>&nbsp;&nbsp;&nbsp;&nbsp;	at org.testng.TestNG.runSuitesSequentially(TestNG.java:1180)
<br>&nbsp;&nbsp;&nbsp;&nbsp;	at org.testng.TestNG.runSuitesLocally(TestNG.java:1102)
<br>&nbsp;&nbsp;&nbsp;&nbsp;	at org.testng.TestNG.runSuites(TestNG.java:1032)
<br>&nbsp;&nbsp;&nbsp;&nbsp;	at org.testng.TestNG.run(TestNG.java:1000)
<br>&nbsp;&nbsp;&nbsp;&nbsp;	at org.testng.remote.AbstractRemoteTestNG.run(AbstractRemoteTestNG.java:115)
<br>&nbsp;&nbsp;&nbsp;&nbsp;	at org.testng.remote.RemoteTestNG.initAndRun(RemoteTestNG.java:251)
<br>&nbsp;&nbsp;&nbsp;&nbsp;	at org.testng.remote.RemoteTestNG.main(RemoteTestNG.java:77)
</td></tr>
<!DOCTYPE HTML PUBLIC "-//W3C//DTD HTML 4.01 Transitional//EN" "http://www.w3.org/TR/html4/loose.dtd">
<html>
<head>
<title>Selenium Logs</title>
<style type="text/css">
<!--
body, table {font-family: arial,sans-serif; font-size: x-small;}
th {background: #336699; color: #FFFFFF; text-align: left;}
-->
</style>
</head>
<body bgcolor="#FFFFFF" topmargin="6" leftmargin="6">
<hr size="1" noshade>
Log session start time Sat Jul 10 18:40:34 PDT 2021<br>
<br>
<table cellspacing="0" cellpadding="4" border="1" bordercolor="#224466" width="100%">
<tr>
<th>Time</th>
<th>Thread</th>
<th>Level</th>
<th>Category</th>
<th>File:Line</th>
<th>Message</th>
</tr>

<tr>
<td>0</td>
<td title="main thread">main</td>
<td title="Level">INFO</td>
<td title="com.automation.libraries.AutomationLibrary category">com.automation.libraries.AutomationLibrary</td>
<td>AutomationLibrary.java:462</td>
<td title="Message">getCurrentTime() ---&gt; 20210710184034461</td>
</tr>

<tr>
<td>18</td>
<td title="main thread">main</td>
<td title="Level">INFO</td>
<td title="com.automation.libraries.ManageJP category">com.automation.libraries.ManageJP</td>
<td>ManageJP.java:64</td>
<td title="Message">Properties file created---&gt; src/test/resources/sessionConfig.properties</td>
</tr>

<tr>
<td>65</td>
<td title="main thread">main</td>
<td title="Level">INFO</td>
<td title="com.automation.libraries.AutomationBase category">com.automation.libraries.AutomationBase</td>
<td>AutomationBase.java:88</td>
<td title="Message">Test started...</td>
</tr>

<tr>
<td>35794</td>
<td title="main thread">main</td>
<td title="Level"><font color="#993300"><strong>ERROR</strong></font></td>
<td title="com.automation.libraries.AutomationLibrary category">com.automation.libraries.AutomationLibrary</td>
<td>AutomationLibrary.java:377</td>
<td title="Message">Error: </td>
</tr>
<tr><td bgcolor="#993300" style="color:White; font-size : xx-small;" colspan="6">org.openqa.selenium.NoSuchElementException: no such element: Unable to locate element: {&quot;method&quot;:&quot;css selector&quot;,&quot;selector&quot;:&quot;#add_to_cart&quot;}
<br>&nbsp;&nbsp;&nbsp;&nbsp;  (Session info: chrome=91.0.4472.124)
<br>&nbsp;&nbsp;&nbsp;&nbsp;For documentation on this error, please visit: https://selenium.dev/exceptions/#no_such_element
<br>&nbsp;&nbsp;&nbsp;&nbsp;Build info: version: '4.0.0-alpha-7', revision: 'de8579b6d5'
<br>&nbsp;&nbsp;&nbsp;&nbsp;System info: host: 'MYMINICOOPERPC', ip: '192.168.0.58', os.name: 'Windows 10', os.arch: 'amd64', os.version: '10.0', java.version: '11.0.9'
<br>&nbsp;&nbsp;&nbsp;&nbsp;Driver info: org.openqa.selenium.chrome.ChromeDriver
<br>&nbsp;&nbsp;&nbsp;&nbsp;Capabilities {acceptInsecureCerts: false, browserName: chrome, browserVersion: 91.0.4472.124, chrome: {chromedriverVersion: 91.0.4472.19 (1bf021f248676..., userDataDir: C:\Users\renaa\AppData\Loca...}, goog:chromeOptions: {debuggerAddress: localhost:50819}, javascriptEnabled: true, networkConnectionEnabled: false, pageLoadStrategy: normal, platform: WINDOWS, platformName: WINDOWS, proxy: Proxy(), setWindowRect: true, strictFileInteractability: false, timeouts: {implicit: 0, pageLoad: 300000, script: 30000}, unhandledPromptBehavior: dismiss and notify, webauthn:extension:largeBlob: true, webauthn:virtualAuthenticators: true}
<br>&nbsp;&nbsp;&nbsp;&nbsp;Session ID: 6738e8708d515daace715494bf0947b6
<br>&nbsp;&nbsp;&nbsp;&nbsp;*** Element info: {Using=id, value=add_to_cart}
<br>&nbsp;&nbsp;&nbsp;&nbsp;	at java.base/jdk.internal.reflect.NativeConstructorAccessorImpl.newInstance0(Native Method)
<br>&nbsp;&nbsp;&nbsp;&nbsp;	at java.base/jdk.internal.reflect.NativeConstructorAccessorImpl.newInstance(NativeConstructorAccessorImpl.java:62)
<br>&nbsp;&nbsp;&nbsp;&nbsp;	at java.base/jdk.internal.reflect.DelegatingConstructorAccessorImpl.newInstance(DelegatingConstructorAccessorImpl.java:45)
<br>&nbsp;&nbsp;&nbsp;&nbsp;	at java.base/java.lang.reflect.Constructor.newInstance(Constructor.java:490)
<br>&nbsp;&nbsp;&nbsp;&nbsp;	at org.openqa.selenium.remote.codec.w3c.W3CHttpResponseCodec.createException(W3CHttpResponseCodec.java:196)
<br>&nbsp;&nbsp;&nbsp;&nbsp;	at org.openqa.selenium.remote.codec.w3c.W3CHttpResponseCodec.decode(W3CHttpResponseCodec.java:129)
<br>&nbsp;&nbsp;&nbsp;&nbsp;	at org.openqa.selenium.remote.codec.w3c.W3CHttpResponseCodec.decode(W3CHttpResponseCodec.java:53)
<br>&nbsp;&nbsp;&nbsp;&nbsp;	at org.openqa.selenium.remote.HttpCommandExecutor.execute(HttpCommandExecutor.java:167)
<br>&nbsp;&nbsp;&nbsp;&nbsp;	at org.openqa.selenium.remote.service.DriverCommandExecutor.execute(DriverCommandExecutor.java:123)
<br>&nbsp;&nbsp;&nbsp;&nbsp;	at org.openqa.selenium.remote.RemoteWebDriver.execute(RemoteWebDriver.java:501)
<br>&nbsp;&nbsp;&nbsp;&nbsp;	at org.openqa.selenium.remote.RemoteWebDriver.findElement(RemoteWebDriver.java:332)
<br>&nbsp;&nbsp;&nbsp;&nbsp;	at org.openqa.selenium.By$ById.findElement(By.java:193)
<br>&nbsp;&nbsp;&nbsp;&nbsp;	at org.openqa.selenium.remote.RemoteWebDriver.findElement(RemoteWebDriver.java:312)
<br>&nbsp;&nbsp;&nbsp;&nbsp;	at com.automation.libraries.AutomationLibrary.clickElement(AutomationLibrary.java:374)
<br>&nbsp;&nbsp;&nbsp;&nbsp;	at com.automation.pages.TshirtPage.addToCart(TshirtPage.java:24)
<br>&nbsp;&nbsp;&nbsp;&nbsp;	at com.automation.tests.TshirtPageTest.chooseT_Shirt(TshirtPageTest.java:20)
<br>&nbsp;&nbsp;&nbsp;&nbsp;	at java.base/jdk.internal.reflect.NativeMethodAccessorImpl.invoke0(Native Method)
<br>&nbsp;&nbsp;&nbsp;&nbsp;	at java.base/jdk.internal.reflect.NativeMethodAccessorImpl.invoke(NativeMethodAccessorImpl.java:62)
<br>&nbsp;&nbsp;&nbsp;&nbsp;	at java.base/jdk.internal.reflect.DelegatingMethodAccessorImpl.invoke(DelegatingMethodAccessorImpl.java:43)
<br>&nbsp;&nbsp;&nbsp;&nbsp;	at java.base/java.lang.reflect.Method.invoke(Method.java:566)
<br>&nbsp;&nbsp;&nbsp;&nbsp;	at org.testng.internal.MethodInvocationHelper.invokeMethod(MethodInvocationHelper.java:133)
<br>&nbsp;&nbsp;&nbsp;&nbsp;	at org.testng.internal.TestInvoker.invokeMethod(TestInvoker.java:584)
<br>&nbsp;&nbsp;&nbsp;&nbsp;	at org.testng.internal.TestInvoker.invokeTestMethod(TestInvoker.java:172)
<br>&nbsp;&nbsp;&nbsp;&nbsp;	at org.testng.internal.MethodRunner.runInSequence(MethodRunner.java:46)
<br>&nbsp;&nbsp;&nbsp;&nbsp;	at org.testng.internal.TestInvoker$MethodInvocationAgent.invoke(TestInvoker.java:804)
<br>&nbsp;&nbsp;&nbsp;&nbsp;	at org.testng.internal.TestInvoker.invokeTestMethods(TestInvoker.java:145)
<br>&nbsp;&nbsp;&nbsp;&nbsp;	at org.testng.internal.TestMethodWorker.invokeTestMethods(TestMethodWorker.java:146)
<br>&nbsp;&nbsp;&nbsp;&nbsp;	at org.testng.internal.TestMethodWorker.run(TestMethodWorker.java:128)
<br>&nbsp;&nbsp;&nbsp;&nbsp;	at java.base/java.util.ArrayList.forEach(ArrayList.java:1541)
<br>&nbsp;&nbsp;&nbsp;&nbsp;	at org.testng.TestRunner.privateRun(TestRunner.java:770)
<br>&nbsp;&nbsp;&nbsp;&nbsp;	at org.testng.TestRunner.run(TestRunner.java:591)
<br>&nbsp;&nbsp;&nbsp;&nbsp;	at org.testng.SuiteRunner.runTest(SuiteRunner.java:402)
<br>&nbsp;&nbsp;&nbsp;&nbsp;	at org.testng.SuiteRunner.runSequentially(SuiteRunner.java:396)
<br>&nbsp;&nbsp;&nbsp;&nbsp;	at org.testng.SuiteRunner.privateRun(SuiteRunner.java:355)
<br>&nbsp;&nbsp;&nbsp;&nbsp;	at org.testng.SuiteRunner.run(SuiteRunner.java:304)
<br>&nbsp;&nbsp;&nbsp;&nbsp;	at org.testng.SuiteRunnerWorker.runSuite(SuiteRunnerWorker.java:53)
<br>&nbsp;&nbsp;&nbsp;&nbsp;	at org.testng.SuiteRunnerWorker.run(SuiteRunnerWorker.java:96)
<br>&nbsp;&nbsp;&nbsp;&nbsp;	at org.testng.TestNG.runSuitesSequentially(TestNG.java:1180)
<br>&nbsp;&nbsp;&nbsp;&nbsp;	at org.testng.TestNG.runSuitesLocally(TestNG.java:1102)
<br>&nbsp;&nbsp;&nbsp;&nbsp;	at org.testng.TestNG.runSuites(TestNG.java:1032)
<br>&nbsp;&nbsp;&nbsp;&nbsp;	at org.testng.TestNG.run(TestNG.java:1000)
<br>&nbsp;&nbsp;&nbsp;&nbsp;	at org.testng.remote.AbstractRemoteTestNG.run(AbstractRemoteTestNG.java:115)
<br>&nbsp;&nbsp;&nbsp;&nbsp;	at org.testng.remote.RemoteTestNG.initAndRun(RemoteTestNG.java:251)
<br>&nbsp;&nbsp;&nbsp;&nbsp;	at org.testng.remote.RemoteTestNG.main(RemoteTestNG.java:77)
</td></tr>

<tr>
<td>40825</td>
<td title="main thread">main</td>
<td title="Level"><font color="#993300"><strong>ERROR</strong></font></td>
<td title="com.automation.libraries.ManageJP category">com.automation.libraries.ManageJP</td>
<td>ManageJP.java:43</td>
<td title="Message">Error: </td>
</tr>
<tr><td bgcolor="#993300" style="color:White; font-size : xx-small;" colspan="6">java.io.FileNotFoundException: src\test\resources\tShirtPageLocators.properties (The system cannot find the file specified)
<br>&nbsp;&nbsp;&nbsp;&nbsp;	at java.base/java.io.FileInputStream.open0(Native Method)
<br>&nbsp;&nbsp;&nbsp;&nbsp;	at java.base/java.io.FileInputStream.open(FileInputStream.java:219)
<br>&nbsp;&nbsp;&nbsp;&nbsp;	at java.base/java.io.FileInputStream.&lt;init&gt;(FileInputStream.java:157)
<br>&nbsp;&nbsp;&nbsp;&nbsp;	at java.base/java.io.FileInputStream.&lt;init&gt;(FileInputStream.java:112)
<br>&nbsp;&nbsp;&nbsp;&nbsp;	at com.automation.libraries.ManageJP.readProperty(ManageJP.java:38)
<br>&nbsp;&nbsp;&nbsp;&nbsp;	at com.automation.libraries.AutomationBase.close(AutomationBase.java:123)
<br>&nbsp;&nbsp;&nbsp;&nbsp;	at java.base/jdk.internal.reflect.NativeMethodAccessorImpl.invoke0(Native Method)
<br>&nbsp;&nbsp;&nbsp;&nbsp;	at java.base/jdk.internal.reflect.NativeMethodAccessorImpl.invoke(NativeMethodAccessorImpl.java:62)
<br>&nbsp;&nbsp;&nbsp;&nbsp;	at java.base/jdk.internal.reflect.DelegatingMethodAccessorImpl.invoke(DelegatingMethodAccessorImpl.java:43)
<br>&nbsp;&nbsp;&nbsp;&nbsp;	at java.base/java.lang.reflect.Method.invoke(Method.java:566)
<br>&nbsp;&nbsp;&nbsp;&nbsp;	at org.testng.internal.MethodInvocationHelper.invokeMethod(MethodInvocationHelper.java:133)
<br>&nbsp;&nbsp;&nbsp;&nbsp;	at org.testng.internal.MethodInvocationHelper.invokeMethodConsideringTimeout(MethodInvocationHelper.java:62)
<br>&nbsp;&nbsp;&nbsp;&nbsp;	at org.testng.internal.ConfigInvoker.invokeConfigurationMethod(ConfigInvoker.java:340)
<br>&nbsp;&nbsp;&nbsp;&nbsp;	at org.testng.internal.ConfigInvoker.invokeConfigurations(ConfigInvoker.java:294)
<br>&nbsp;&nbsp;&nbsp;&nbsp;	at org.testng.internal.TestInvoker.runConfigMethods(TestInvoker.java:683)
<br>&nbsp;&nbsp;&nbsp;&nbsp;	at org.testng.internal.TestInvoker.runAfterGroupsConfigurations(TestInvoker.java:658)
<br>&nbsp;&nbsp;&nbsp;&nbsp;	at org.testng.internal.TestInvoker.invokeMethod(TestInvoker.java:642)
<br>&nbsp;&nbsp;&nbsp;&nbsp;	at org.testng.internal.TestInvoker.invokeTestMethod(TestInvoker.java:172)
<br>&nbsp;&nbsp;&nbsp;&nbsp;	at org.testng.internal.MethodRunner.runInSequence(MethodRunner.java:46)
<br>&nbsp;&nbsp;&nbsp;&nbsp;	at org.testng.internal.TestInvoker$MethodInvocationAgent.invoke(TestInvoker.java:804)
<br>&nbsp;&nbsp;&nbsp;&nbsp;	at org.testng.internal.TestInvoker.invokeTestMethods(TestInvoker.java:145)
<br>&nbsp;&nbsp;&nbsp;&nbsp;	at org.testng.internal.TestMethodWorker.invokeTestMethods(TestMethodWorker.java:146)
<br>&nbsp;&nbsp;&nbsp;&nbsp;	at org.testng.internal.TestMethodWorker.run(TestMethodWorker.java:128)
<br>&nbsp;&nbsp;&nbsp;&nbsp;	at java.base/java.util.ArrayList.forEach(ArrayList.java:1541)
<br>&nbsp;&nbsp;&nbsp;&nbsp;	at org.testng.TestRunner.privateRun(TestRunner.java:770)
<br>&nbsp;&nbsp;&nbsp;&nbsp;	at org.testng.TestRunner.run(TestRunner.java:591)
<br>&nbsp;&nbsp;&nbsp;&nbsp;	at org.testng.SuiteRunner.runTest(SuiteRunner.java:402)
<br>&nbsp;&nbsp;&nbsp;&nbsp;	at org.testng.SuiteRunner.runSequentially(SuiteRunner.java:396)
<br>&nbsp;&nbsp;&nbsp;&nbsp;	at org.testng.SuiteRunner.privateRun(SuiteRunner.java:355)
<br>&nbsp;&nbsp;&nbsp;&nbsp;	at org.testng.SuiteRunner.run(SuiteRunner.java:304)
<br>&nbsp;&nbsp;&nbsp;&nbsp;	at org.testng.SuiteRunnerWorker.runSuite(SuiteRunnerWorker.java:53)
<br>&nbsp;&nbsp;&nbsp;&nbsp;	at org.testng.SuiteRunnerWorker.run(SuiteRunnerWorker.java:96)
<br>&nbsp;&nbsp;&nbsp;&nbsp;	at org.testng.TestNG.runSuitesSequentially(TestNG.java:1180)
<br>&nbsp;&nbsp;&nbsp;&nbsp;	at org.testng.TestNG.runSuitesLocally(TestNG.java:1102)
<br>&nbsp;&nbsp;&nbsp;&nbsp;	at org.testng.TestNG.runSuites(TestNG.java:1032)
<br>&nbsp;&nbsp;&nbsp;&nbsp;	at org.testng.TestNG.run(TestNG.java:1000)
<br>&nbsp;&nbsp;&nbsp;&nbsp;	at org.testng.remote.AbstractRemoteTestNG.run(AbstractRemoteTestNG.java:115)
<br>&nbsp;&nbsp;&nbsp;&nbsp;	at org.testng.remote.RemoteTestNG.initAndRun(RemoteTestNG.java:251)
<br>&nbsp;&nbsp;&nbsp;&nbsp;	at org.testng.remote.RemoteTestNG.main(RemoteTestNG.java:77)
</td></tr>
<!DOCTYPE HTML PUBLIC "-//W3C//DTD HTML 4.01 Transitional//EN" "http://www.w3.org/TR/html4/loose.dtd">
<html>
<head>
<title>Selenium Logs</title>
<style type="text/css">
<!--
body, table {font-family: arial,sans-serif; font-size: x-small;}
th {background: #336699; color: #FFFFFF; text-align: left;}
-->
</style>
</head>
<body bgcolor="#FFFFFF" topmargin="6" leftmargin="6">
<hr size="1" noshade>
Log session start time Sun Jul 11 19:54:15 PDT 2021<br>
<br>
<table cellspacing="0" cellpadding="4" border="1" bordercolor="#224466" width="100%">
<tr>
<th>Time</th>
<th>Thread</th>
<th>Level</th>
<th>Category</th>
<th>File:Line</th>
<th>Message</th>
</tr>

<tr>
<td>0</td>
<td title="main thread">main</td>
<td title="Level">INFO</td>
<td title="com.automation.libraries.AutomationLibrary category">com.automation.libraries.AutomationLibrary</td>
<td>AutomationLibrary.java:462</td>
<td title="Message">getCurrentTime() ---&gt; 20210711195415562</td>
</tr>

<tr>
<td>11</td>
<td title="main thread">main</td>
<td title="Level">INFO</td>
<td title="com.automation.libraries.ManageJP category">com.automation.libraries.ManageJP</td>
<td>ManageJP.java:64</td>
<td title="Message">Properties file created---&gt; src/test/resources/sessionConfig.properties</td>
</tr>

<tr>
<td>31</td>
<td title="main thread">main</td>
<td title="Level">INFO</td>
<td title="com.automation.libraries.AutomationBase category">com.automation.libraries.AutomationBase</td>
<td>AutomationBase.java:88</td>
<td title="Message">Test started...</td>
</tr>

<tr>
<td>6400</td>
<td title="main thread">main</td>
<td title="Level">INFO</td>
<td title="com.automation.pages.MainPage category">com.automation.pages.MainPage</td>
<td>MainPage.java:21</td>
<td title="Message">My Store website URL printed</td>
</tr>

<tr>
<td>6407</td>
<td title="main thread">main</td>
<td title="Level">INFO</td>
<td title="com.automation.pages.MainPage category">com.automation.pages.MainPage</td>
<td>MainPage.java:23</td>
<td title="Message">Current website title is: My Store</td>
</tr>

<tr>
<td>36465</td>
<td title="main thread">main</td>
<td title="Level"><font color="#993300"><strong>ERROR</strong></font></td>
<td title="com.automation.libraries.AutomationLibrary category">com.automation.libraries.AutomationLibrary</td>
<td>AutomationLibrary.java:433</td>
<td title="Message">Error:</td>
</tr>
<tr><td bgcolor="#993300" style="color:White; font-size : xx-small;" colspan="6">org.openqa.selenium.NoSuchElementException: no such element: Unable to locate element: {&quot;method&quot;:&quot;css selector&quot;,&quot;selector&quot;:&quot;#search_query_top\ &quot;}
<br>&nbsp;&nbsp;&nbsp;&nbsp;  (Session info: chrome=91.0.4472.124)
<br>&nbsp;&nbsp;&nbsp;&nbsp;For documentation on this error, please visit: https://selenium.dev/exceptions/#no_such_element
<br>&nbsp;&nbsp;&nbsp;&nbsp;Build info: version: '4.0.0-alpha-7', revision: 'de8579b6d5'
<br>&nbsp;&nbsp;&nbsp;&nbsp;System info: host: 'MYMINICOOPERPC', ip: '192.168.0.58', os.name: 'Windows 10', os.arch: 'amd64', os.version: '10.0', java.version: '11.0.9'
<br>&nbsp;&nbsp;&nbsp;&nbsp;Driver info: org.openqa.selenium.chrome.ChromeDriver
<br>&nbsp;&nbsp;&nbsp;&nbsp;Capabilities {acceptInsecureCerts: false, browserName: chrome, browserVersion: 91.0.4472.124, chrome: {chromedriverVersion: 91.0.4472.19 (1bf021f248676..., userDataDir: C:\Users\renaa\AppData\Loca...}, goog:chromeOptions: {debuggerAddress: localhost:51295}, javascriptEnabled: true, networkConnectionEnabled: false, pageLoadStrategy: normal, platform: WINDOWS, platformName: WINDOWS, proxy: Proxy(), setWindowRect: true, strictFileInteractability: false, timeouts: {implicit: 0, pageLoad: 300000, script: 30000}, unhandledPromptBehavior: dismiss and notify, webauthn:extension:largeBlob: true, webauthn:virtualAuthenticators: true}
<br>&nbsp;&nbsp;&nbsp;&nbsp;Session ID: 969d715e7dc3efcf8966f67e6cb0f7d8
<br>&nbsp;&nbsp;&nbsp;&nbsp;*** Element info: {Using=id, value=search_query_top }
<br>&nbsp;&nbsp;&nbsp;&nbsp;	at java.base/jdk.internal.reflect.NativeConstructorAccessorImpl.newInstance0(Native Method)
<br>&nbsp;&nbsp;&nbsp;&nbsp;	at java.base/jdk.internal.reflect.NativeConstructorAccessorImpl.newInstance(NativeConstructorAccessorImpl.java:62)
<br>&nbsp;&nbsp;&nbsp;&nbsp;	at java.base/jdk.internal.reflect.DelegatingConstructorAccessorImpl.newInstance(DelegatingConstructorAccessorImpl.java:45)
<br>&nbsp;&nbsp;&nbsp;&nbsp;	at java.base/java.lang.reflect.Constructor.newInstance(Constructor.java:490)
<br>&nbsp;&nbsp;&nbsp;&nbsp;	at org.openqa.selenium.remote.codec.w3c.W3CHttpResponseCodec.createException(W3CHttpResponseCodec.java:196)
<br>&nbsp;&nbsp;&nbsp;&nbsp;	at org.openqa.selenium.remote.codec.w3c.W3CHttpResponseCodec.decode(W3CHttpResponseCodec.java:129)
<br>&nbsp;&nbsp;&nbsp;&nbsp;	at org.openqa.selenium.remote.codec.w3c.W3CHttpResponseCodec.decode(W3CHttpResponseCodec.java:53)
<br>&nbsp;&nbsp;&nbsp;&nbsp;	at org.openqa.selenium.remote.HttpCommandExecutor.execute(HttpCommandExecutor.java:167)
<br>&nbsp;&nbsp;&nbsp;&nbsp;	at org.openqa.selenium.remote.service.DriverCommandExecutor.execute(DriverCommandExecutor.java:123)
<br>&nbsp;&nbsp;&nbsp;&nbsp;	at org.openqa.selenium.remote.RemoteWebDriver.execute(RemoteWebDriver.java:501)
<br>&nbsp;&nbsp;&nbsp;&nbsp;	at org.openqa.selenium.remote.RemoteWebDriver.findElement(RemoteWebDriver.java:332)
<br>&nbsp;&nbsp;&nbsp;&nbsp;	at org.openqa.selenium.By$ById.findElement(By.java:193)
<br>&nbsp;&nbsp;&nbsp;&nbsp;	at org.openqa.selenium.remote.RemoteWebDriver.findElement(RemoteWebDriver.java:312)
<br>&nbsp;&nbsp;&nbsp;&nbsp;	at com.automation.libraries.AutomationLibrary.sendKey(AutomationLibrary.java:428)
<br>&nbsp;&nbsp;&nbsp;&nbsp;	at com.automation.pages.MainPage.searchItem(MainPage.java:35)
<br>&nbsp;&nbsp;&nbsp;&nbsp;	at com.automation.tests.MainPageTests.shoppingTest(MainPageTests.java:29)
<br>&nbsp;&nbsp;&nbsp;&nbsp;	at java.base/jdk.internal.reflect.NativeMethodAccessorImpl.invoke0(Native Method)
<br>&nbsp;&nbsp;&nbsp;&nbsp;	at java.base/jdk.internal.reflect.NativeMethodAccessorImpl.invoke(NativeMethodAccessorImpl.java:62)
<br>&nbsp;&nbsp;&nbsp;&nbsp;	at java.base/jdk.internal.reflect.DelegatingMethodAccessorImpl.invoke(DelegatingMethodAccessorImpl.java:43)
<br>&nbsp;&nbsp;&nbsp;&nbsp;	at java.base/java.lang.reflect.Method.invoke(Method.java:566)
<br>&nbsp;&nbsp;&nbsp;&nbsp;	at org.testng.internal.MethodInvocationHelper.invokeMethod(MethodInvocationHelper.java:133)
<br>&nbsp;&nbsp;&nbsp;&nbsp;	at org.testng.internal.TestInvoker.invokeMethod(TestInvoker.java:584)
<br>&nbsp;&nbsp;&nbsp;&nbsp;	at org.testng.internal.TestInvoker.invokeTestMethod(TestInvoker.java:172)
<br>&nbsp;&nbsp;&nbsp;&nbsp;	at org.testng.internal.MethodRunner.runInSequence(MethodRunner.java:46)
<br>&nbsp;&nbsp;&nbsp;&nbsp;	at org.testng.internal.TestInvoker$MethodInvocationAgent.invoke(TestInvoker.java:804)
<br>&nbsp;&nbsp;&nbsp;&nbsp;	at org.testng.internal.TestInvoker.invokeTestMethods(TestInvoker.java:145)
<br>&nbsp;&nbsp;&nbsp;&nbsp;	at org.testng.internal.TestMethodWorker.invokeTestMethods(TestMethodWorker.java:146)
<br>&nbsp;&nbsp;&nbsp;&nbsp;	at org.testng.internal.TestMethodWorker.run(TestMethodWorker.java:128)
<br>&nbsp;&nbsp;&nbsp;&nbsp;	at java.base/java.util.ArrayList.forEach(ArrayList.java:1541)
<br>&nbsp;&nbsp;&nbsp;&nbsp;	at org.testng.TestRunner.privateRun(TestRunner.java:770)
<br>&nbsp;&nbsp;&nbsp;&nbsp;	at org.testng.TestRunner.run(TestRunner.java:591)
<br>&nbsp;&nbsp;&nbsp;&nbsp;	at org.testng.SuiteRunner.runTest(SuiteRunner.java:402)
<br>&nbsp;&nbsp;&nbsp;&nbsp;	at org.testng.SuiteRunner.runSequentially(SuiteRunner.java:396)
<br>&nbsp;&nbsp;&nbsp;&nbsp;	at org.testng.SuiteRunner.privateRun(SuiteRunner.java:355)
<br>&nbsp;&nbsp;&nbsp;&nbsp;	at org.testng.SuiteRunner.run(SuiteRunner.java:304)
<br>&nbsp;&nbsp;&nbsp;&nbsp;	at org.testng.SuiteRunnerWorker.runSuite(SuiteRunnerWorker.java:53)
<br>&nbsp;&nbsp;&nbsp;&nbsp;	at org.testng.SuiteRunnerWorker.run(SuiteRunnerWorker.java:96)
<br>&nbsp;&nbsp;&nbsp;&nbsp;	at org.testng.TestNG.runSuitesSequentially(TestNG.java:1180)
<br>&nbsp;&nbsp;&nbsp;&nbsp;	at org.testng.TestNG.runSuitesLocally(TestNG.java:1102)
<br>&nbsp;&nbsp;&nbsp;&nbsp;	at org.testng.TestNG.runSuites(TestNG.java:1032)
<br>&nbsp;&nbsp;&nbsp;&nbsp;	at org.testng.TestNG.run(TestNG.java:1000)
<br>&nbsp;&nbsp;&nbsp;&nbsp;	at org.testng.remote.AbstractRemoteTestNG.run(AbstractRemoteTestNG.java:115)
<br>&nbsp;&nbsp;&nbsp;&nbsp;	at org.testng.remote.RemoteTestNG.initAndRun(RemoteTestNG.java:251)
<br>&nbsp;&nbsp;&nbsp;&nbsp;	at org.testng.remote.RemoteTestNG.main(RemoteTestNG.java:77)
</td></tr>

<tr>
<td>41493</td>
<td title="main thread">main</td>
<td title="Level"><font color="#993300"><strong>ERROR</strong></font></td>
<td title="com.automation.libraries.ManageJP category">com.automation.libraries.ManageJP</td>
<td>ManageJP.java:43</td>
<td title="Message">Error: </td>
</tr>
<tr><td bgcolor="#993300" style="color:White; font-size : xx-small;" colspan="6">java.io.FileNotFoundException: src\test\resources\tShirtPageLocators.properties (The system cannot find the file specified)
<br>&nbsp;&nbsp;&nbsp;&nbsp;	at java.base/java.io.FileInputStream.open0(Native Method)
<br>&nbsp;&nbsp;&nbsp;&nbsp;	at java.base/java.io.FileInputStream.open(FileInputStream.java:219)
<br>&nbsp;&nbsp;&nbsp;&nbsp;	at java.base/java.io.FileInputStream.&lt;init&gt;(FileInputStream.java:157)
<br>&nbsp;&nbsp;&nbsp;&nbsp;	at java.base/java.io.FileInputStream.&lt;init&gt;(FileInputStream.java:112)
<br>&nbsp;&nbsp;&nbsp;&nbsp;	at com.automation.libraries.ManageJP.readProperty(ManageJP.java:38)
<br>&nbsp;&nbsp;&nbsp;&nbsp;	at com.automation.libraries.AutomationBase.close(AutomationBase.java:123)
<br>&nbsp;&nbsp;&nbsp;&nbsp;	at java.base/jdk.internal.reflect.NativeMethodAccessorImpl.invoke0(Native Method)
<br>&nbsp;&nbsp;&nbsp;&nbsp;	at java.base/jdk.internal.reflect.NativeMethodAccessorImpl.invoke(NativeMethodAccessorImpl.java:62)
<br>&nbsp;&nbsp;&nbsp;&nbsp;	at java.base/jdk.internal.reflect.DelegatingMethodAccessorImpl.invoke(DelegatingMethodAccessorImpl.java:43)
<br>&nbsp;&nbsp;&nbsp;&nbsp;	at java.base/java.lang.reflect.Method.invoke(Method.java:566)
<br>&nbsp;&nbsp;&nbsp;&nbsp;	at org.testng.internal.MethodInvocationHelper.invokeMethod(MethodInvocationHelper.java:133)
<br>&nbsp;&nbsp;&nbsp;&nbsp;	at org.testng.internal.MethodInvocationHelper.invokeMethodConsideringTimeout(MethodInvocationHelper.java:62)
<br>&nbsp;&nbsp;&nbsp;&nbsp;	at org.testng.internal.ConfigInvoker.invokeConfigurationMethod(ConfigInvoker.java:340)
<br>&nbsp;&nbsp;&nbsp;&nbsp;	at org.testng.internal.ConfigInvoker.invokeConfigurations(ConfigInvoker.java:294)
<br>&nbsp;&nbsp;&nbsp;&nbsp;	at org.testng.internal.TestInvoker.runConfigMethods(TestInvoker.java:683)
<br>&nbsp;&nbsp;&nbsp;&nbsp;	at org.testng.internal.TestInvoker.runAfterGroupsConfigurations(TestInvoker.java:658)
<br>&nbsp;&nbsp;&nbsp;&nbsp;	at org.testng.internal.TestInvoker.invokeMethod(TestInvoker.java:642)
<br>&nbsp;&nbsp;&nbsp;&nbsp;	at org.testng.internal.TestInvoker.invokeTestMethod(TestInvoker.java:172)
<br>&nbsp;&nbsp;&nbsp;&nbsp;	at org.testng.internal.MethodRunner.runInSequence(MethodRunner.java:46)
<br>&nbsp;&nbsp;&nbsp;&nbsp;	at org.testng.internal.TestInvoker$MethodInvocationAgent.invoke(TestInvoker.java:804)
<br>&nbsp;&nbsp;&nbsp;&nbsp;	at org.testng.internal.TestInvoker.invokeTestMethods(TestInvoker.java:145)
<br>&nbsp;&nbsp;&nbsp;&nbsp;	at org.testng.internal.TestMethodWorker.invokeTestMethods(TestMethodWorker.java:146)
<br>&nbsp;&nbsp;&nbsp;&nbsp;	at org.testng.internal.TestMethodWorker.run(TestMethodWorker.java:128)
<br>&nbsp;&nbsp;&nbsp;&nbsp;	at java.base/java.util.ArrayList.forEach(ArrayList.java:1541)
<br>&nbsp;&nbsp;&nbsp;&nbsp;	at org.testng.TestRunner.privateRun(TestRunner.java:770)
<br>&nbsp;&nbsp;&nbsp;&nbsp;	at org.testng.TestRunner.run(TestRunner.java:591)
<br>&nbsp;&nbsp;&nbsp;&nbsp;	at org.testng.SuiteRunner.runTest(SuiteRunner.java:402)
<br>&nbsp;&nbsp;&nbsp;&nbsp;	at org.testng.SuiteRunner.runSequentially(SuiteRunner.java:396)
<br>&nbsp;&nbsp;&nbsp;&nbsp;	at org.testng.SuiteRunner.privateRun(SuiteRunner.java:355)
<br>&nbsp;&nbsp;&nbsp;&nbsp;	at org.testng.SuiteRunner.run(SuiteRunner.java:304)
<br>&nbsp;&nbsp;&nbsp;&nbsp;	at org.testng.SuiteRunnerWorker.runSuite(SuiteRunnerWorker.java:53)
<br>&nbsp;&nbsp;&nbsp;&nbsp;	at org.testng.SuiteRunnerWorker.run(SuiteRunnerWorker.java:96)
<br>&nbsp;&nbsp;&nbsp;&nbsp;	at org.testng.TestNG.runSuitesSequentially(TestNG.java:1180)
<br>&nbsp;&nbsp;&nbsp;&nbsp;	at org.testng.TestNG.runSuitesLocally(TestNG.java:1102)
<br>&nbsp;&nbsp;&nbsp;&nbsp;	at org.testng.TestNG.runSuites(TestNG.java:1032)
<br>&nbsp;&nbsp;&nbsp;&nbsp;	at org.testng.TestNG.run(TestNG.java:1000)
<br>&nbsp;&nbsp;&nbsp;&nbsp;	at org.testng.remote.AbstractRemoteTestNG.run(AbstractRemoteTestNG.java:115)
<br>&nbsp;&nbsp;&nbsp;&nbsp;	at org.testng.remote.RemoteTestNG.initAndRun(RemoteTestNG.java:251)
<br>&nbsp;&nbsp;&nbsp;&nbsp;	at org.testng.remote.RemoteTestNG.main(RemoteTestNG.java:77)
</td></tr>
<!DOCTYPE HTML PUBLIC "-//W3C//DTD HTML 4.01 Transitional//EN" "http://www.w3.org/TR/html4/loose.dtd">
<html>
<head>
<title>Selenium Logs</title>
<style type="text/css">
<!--
body, table {font-family: arial,sans-serif; font-size: x-small;}
th {background: #336699; color: #FFFFFF; text-align: left;}
-->
</style>
</head>
<body bgcolor="#FFFFFF" topmargin="6" leftmargin="6">
<hr size="1" noshade>
Log session start time Mon Jul 12 12:20:24 PDT 2021<br>
<br>
<table cellspacing="0" cellpadding="4" border="1" bordercolor="#224466" width="100%">
<tr>
<th>Time</th>
<th>Thread</th>
<th>Level</th>
<th>Category</th>
<th>File:Line</th>
<th>Message</th>
</tr>

<tr>
<td>0</td>
<td title="main thread">main</td>
<td title="Level">INFO</td>
<td title="com.automation.libraries.AutomationLibrary category">com.automation.libraries.AutomationLibrary</td>
<td>AutomationLibrary.java:462</td>
<td title="Message">getCurrentTime() ---&gt; 20210712122025076</td>
</tr>

<tr>
<td>6</td>
<td title="main thread">main</td>
<td title="Level">INFO</td>
<td title="com.automation.libraries.ManageJP category">com.automation.libraries.ManageJP</td>
<td>ManageJP.java:64</td>
<td title="Message">Properties file created---&gt; src/test/resources/sessionConfig.properties</td>
</tr>

<tr>
<td>19</td>
<td title="main thread">main</td>
<td title="Level">INFO</td>
<td title="com.automation.libraries.AutomationBase category">com.automation.libraries.AutomationBase</td>
<td>AutomationBase.java:88</td>
<td title="Message">Test started...</td>
</tr>

<tr>
<td>2814</td>
<td title="main thread">main</td>
<td title="Level"><font color="#993300"><strong>ERROR</strong></font></td>
<td title="com.automation.pages.MainPage category">com.automation.pages.MainPage</td>
<td>MainPage.java:29</td>
<td title="Message">Error: </td>
</tr>
<tr><td bgcolor="#993300" style="color:White; font-size : xx-small;" colspan="6">org.openqa.selenium.InvalidArgumentException: invalid argument
<br>&nbsp;&nbsp;&nbsp;&nbsp;  (Session info: chrome=91.0.4472.124)
<br>&nbsp;&nbsp;&nbsp;&nbsp;Build info: version: '4.0.0-alpha-7', revision: 'de8579b6d5'
<br>&nbsp;&nbsp;&nbsp;&nbsp;System info: host: 'MYMINICOOPERPC', ip: '192.168.0.58', os.name: 'Windows 10', os.arch: 'amd64', os.version: '10.0', java.version: '11.0.9'
<br>&nbsp;&nbsp;&nbsp;&nbsp;Driver info: org.openqa.selenium.chrome.ChromeDriver
<br>&nbsp;&nbsp;&nbsp;&nbsp;Capabilities {acceptInsecureCerts: false, browserName: chrome, browserVersion: 91.0.4472.124, chrome: {chromedriverVersion: 91.0.4472.19 (1bf021f248676..., userDataDir: C:\Users\renaa\AppData\Loca...}, goog:chromeOptions: {debuggerAddress: localhost:54924}, javascriptEnabled: true, networkConnectionEnabled: false, pageLoadStrategy: normal, platform: WINDOWS, platformName: WINDOWS, proxy: Proxy(), setWindowRect: true, strictFileInteractability: false, timeouts: {implicit: 0, pageLoad: 300000, script: 30000}, unhandledPromptBehavior: dismiss and notify, webauthn:extension:largeBlob: true, webauthn:virtualAuthenticators: true}
<br>&nbsp;&nbsp;&nbsp;&nbsp;Session ID: d3ad5dc312a32aaa6a3b101477490f9e
<br>&nbsp;&nbsp;&nbsp;&nbsp;	at java.base/jdk.internal.reflect.NativeConstructorAccessorImpl.newInstance0(Native Method)
<br>&nbsp;&nbsp;&nbsp;&nbsp;	at java.base/jdk.internal.reflect.NativeConstructorAccessorImpl.newInstance(NativeConstructorAccessorImpl.java:62)
<br>&nbsp;&nbsp;&nbsp;&nbsp;	at java.base/jdk.internal.reflect.DelegatingConstructorAccessorImpl.newInstance(DelegatingConstructorAccessorImpl.java:45)
<br>&nbsp;&nbsp;&nbsp;&nbsp;	at java.base/java.lang.reflect.Constructor.newInstance(Constructor.java:490)
<br>&nbsp;&nbsp;&nbsp;&nbsp;	at org.openqa.selenium.remote.codec.w3c.W3CHttpResponseCodec.createException(W3CHttpResponseCodec.java:196)
<br>&nbsp;&nbsp;&nbsp;&nbsp;	at org.openqa.selenium.remote.codec.w3c.W3CHttpResponseCodec.decode(W3CHttpResponseCodec.java:129)
<br>&nbsp;&nbsp;&nbsp;&nbsp;	at org.openqa.selenium.remote.codec.w3c.W3CHttpResponseCodec.decode(W3CHttpResponseCodec.java:53)
<br>&nbsp;&nbsp;&nbsp;&nbsp;	at org.openqa.selenium.remote.HttpCommandExecutor.execute(HttpCommandExecutor.java:167)
<br>&nbsp;&nbsp;&nbsp;&nbsp;	at org.openqa.selenium.remote.service.DriverCommandExecutor.execute(DriverCommandExecutor.java:123)
<br>&nbsp;&nbsp;&nbsp;&nbsp;	at org.openqa.selenium.remote.RemoteWebDriver.execute(RemoteWebDriver.java:501)
<br>&nbsp;&nbsp;&nbsp;&nbsp;	at org.openqa.selenium.remote.RemoteWebDriver.get(RemoteWebDriver.java:273)
<br>&nbsp;&nbsp;&nbsp;&nbsp;	at com.automation.pages.MainPage.gotoMainPage(MainPage.java:21)
<br>&nbsp;&nbsp;&nbsp;&nbsp;	at com.automation.tests.MainPageTests.shoppingTest(MainPageTests.java:28)
<br>&nbsp;&nbsp;&nbsp;&nbsp;	at java.base/jdk.internal.reflect.NativeMethodAccessorImpl.invoke0(Native Method)
<br>&nbsp;&nbsp;&nbsp;&nbsp;	at java.base/jdk.internal.reflect.NativeMethodAccessorImpl.invoke(NativeMethodAccessorImpl.java:62)
<br>&nbsp;&nbsp;&nbsp;&nbsp;	at java.base/jdk.internal.reflect.DelegatingMethodAccessorImpl.invoke(DelegatingMethodAccessorImpl.java:43)
<br>&nbsp;&nbsp;&nbsp;&nbsp;	at java.base/java.lang.reflect.Method.invoke(Method.java:566)
<br>&nbsp;&nbsp;&nbsp;&nbsp;	at org.testng.internal.MethodInvocationHelper.invokeMethod(MethodInvocationHelper.java:133)
<br>&nbsp;&nbsp;&nbsp;&nbsp;	at org.testng.internal.TestInvoker.invokeMethod(TestInvoker.java:584)
<br>&nbsp;&nbsp;&nbsp;&nbsp;	at org.testng.internal.TestInvoker.invokeTestMethod(TestInvoker.java:172)
<br>&nbsp;&nbsp;&nbsp;&nbsp;	at org.testng.internal.MethodRunner.runInSequence(MethodRunner.java:46)
<br>&nbsp;&nbsp;&nbsp;&nbsp;	at org.testng.internal.TestInvoker$MethodInvocationAgent.invoke(TestInvoker.java:804)
<br>&nbsp;&nbsp;&nbsp;&nbsp;	at org.testng.internal.TestInvoker.invokeTestMethods(TestInvoker.java:145)
<br>&nbsp;&nbsp;&nbsp;&nbsp;	at org.testng.internal.TestMethodWorker.invokeTestMethods(TestMethodWorker.java:146)
<br>&nbsp;&nbsp;&nbsp;&nbsp;	at org.testng.internal.TestMethodWorker.run(TestMethodWorker.java:128)
<br>&nbsp;&nbsp;&nbsp;&nbsp;	at java.base/java.util.ArrayList.forEach(ArrayList.java:1541)
<br>&nbsp;&nbsp;&nbsp;&nbsp;	at org.testng.TestRunner.privateRun(TestRunner.java:770)
<br>&nbsp;&nbsp;&nbsp;&nbsp;	at org.testng.TestRunner.run(TestRunner.java:591)
<br>&nbsp;&nbsp;&nbsp;&nbsp;	at org.testng.SuiteRunner.runTest(SuiteRunner.java:402)
<br>&nbsp;&nbsp;&nbsp;&nbsp;	at org.testng.SuiteRunner.runSequentially(SuiteRunner.java:396)
<br>&nbsp;&nbsp;&nbsp;&nbsp;	at org.testng.SuiteRunner.privateRun(SuiteRunner.java:355)
<br>&nbsp;&nbsp;&nbsp;&nbsp;	at org.testng.SuiteRunner.run(SuiteRunner.java:304)
<br>&nbsp;&nbsp;&nbsp;&nbsp;	at org.testng.SuiteRunnerWorker.runSuite(SuiteRunnerWorker.java:53)
<br>&nbsp;&nbsp;&nbsp;&nbsp;	at org.testng.SuiteRunnerWorker.run(SuiteRunnerWorker.java:96)
<br>&nbsp;&nbsp;&nbsp;&nbsp;	at org.testng.TestNG.runSuitesSequentially(TestNG.java:1180)
<br>&nbsp;&nbsp;&nbsp;&nbsp;	at org.testng.TestNG.runSuitesLocally(TestNG.java:1102)
<br>&nbsp;&nbsp;&nbsp;&nbsp;	at org.testng.TestNG.runSuites(TestNG.java:1032)
<br>&nbsp;&nbsp;&nbsp;&nbsp;	at org.testng.TestNG.run(TestNG.java:1000)
<br>&nbsp;&nbsp;&nbsp;&nbsp;	at org.testng.remote.AbstractRemoteTestNG.run(AbstractRemoteTestNG.java:115)
<br>&nbsp;&nbsp;&nbsp;&nbsp;	at org.testng.remote.RemoteTestNG.initAndRun(RemoteTestNG.java:251)
<br>&nbsp;&nbsp;&nbsp;&nbsp;	at org.testng.remote.RemoteTestNG.main(RemoteTestNG.java:77)
</td></tr>

<tr>
<td>7852</td>
<td title="main thread">main</td>
<td title="Level"><font color="#993300"><strong>ERROR</strong></font></td>
<td title="com.automation.libraries.ManageJP category">com.automation.libraries.ManageJP</td>
<td>ManageJP.java:43</td>
<td title="Message">Error: </td>
</tr>
<tr><td bgcolor="#993300" style="color:White; font-size : xx-small;" colspan="6">java.io.FileNotFoundException: src\test\resources\tShirtPageLocators.properties (The system cannot find the file specified)
<br>&nbsp;&nbsp;&nbsp;&nbsp;	at java.base/java.io.FileInputStream.open0(Native Method)
<br>&nbsp;&nbsp;&nbsp;&nbsp;	at java.base/java.io.FileInputStream.open(FileInputStream.java:219)
<br>&nbsp;&nbsp;&nbsp;&nbsp;	at java.base/java.io.FileInputStream.&lt;init&gt;(FileInputStream.java:157)
<br>&nbsp;&nbsp;&nbsp;&nbsp;	at java.base/java.io.FileInputStream.&lt;init&gt;(FileInputStream.java:112)
<br>&nbsp;&nbsp;&nbsp;&nbsp;	at com.automation.libraries.ManageJP.readProperty(ManageJP.java:38)
<br>&nbsp;&nbsp;&nbsp;&nbsp;	at com.automation.libraries.AutomationBase.close(AutomationBase.java:123)
<br>&nbsp;&nbsp;&nbsp;&nbsp;	at java.base/jdk.internal.reflect.NativeMethodAccessorImpl.invoke0(Native Method)
<br>&nbsp;&nbsp;&nbsp;&nbsp;	at java.base/jdk.internal.reflect.NativeMethodAccessorImpl.invoke(NativeMethodAccessorImpl.java:62)
<br>&nbsp;&nbsp;&nbsp;&nbsp;	at java.base/jdk.internal.reflect.DelegatingMethodAccessorImpl.invoke(DelegatingMethodAccessorImpl.java:43)
<br>&nbsp;&nbsp;&nbsp;&nbsp;	at java.base/java.lang.reflect.Method.invoke(Method.java:566)
<br>&nbsp;&nbsp;&nbsp;&nbsp;	at org.testng.internal.MethodInvocationHelper.invokeMethod(MethodInvocationHelper.java:133)
<br>&nbsp;&nbsp;&nbsp;&nbsp;	at org.testng.internal.MethodInvocationHelper.invokeMethodConsideringTimeout(MethodInvocationHelper.java:62)
<br>&nbsp;&nbsp;&nbsp;&nbsp;	at org.testng.internal.ConfigInvoker.invokeConfigurationMethod(ConfigInvoker.java:340)
<br>&nbsp;&nbsp;&nbsp;&nbsp;	at org.testng.internal.ConfigInvoker.invokeConfigurations(ConfigInvoker.java:294)
<br>&nbsp;&nbsp;&nbsp;&nbsp;	at org.testng.internal.TestInvoker.runConfigMethods(TestInvoker.java:683)
<br>&nbsp;&nbsp;&nbsp;&nbsp;	at org.testng.internal.TestInvoker.runAfterGroupsConfigurations(TestInvoker.java:658)
<br>&nbsp;&nbsp;&nbsp;&nbsp;	at org.testng.internal.TestInvoker.invokeMethod(TestInvoker.java:642)
<br>&nbsp;&nbsp;&nbsp;&nbsp;	at org.testng.internal.TestInvoker.invokeTestMethod(TestInvoker.java:172)
<br>&nbsp;&nbsp;&nbsp;&nbsp;	at org.testng.internal.MethodRunner.runInSequence(MethodRunner.java:46)
<br>&nbsp;&nbsp;&nbsp;&nbsp;	at org.testng.internal.TestInvoker$MethodInvocationAgent.invoke(TestInvoker.java:804)
<br>&nbsp;&nbsp;&nbsp;&nbsp;	at org.testng.internal.TestInvoker.invokeTestMethods(TestInvoker.java:145)
<br>&nbsp;&nbsp;&nbsp;&nbsp;	at org.testng.internal.TestMethodWorker.invokeTestMethods(TestMethodWorker.java:146)
<br>&nbsp;&nbsp;&nbsp;&nbsp;	at org.testng.internal.TestMethodWorker.run(TestMethodWorker.java:128)
<br>&nbsp;&nbsp;&nbsp;&nbsp;	at java.base/java.util.ArrayList.forEach(ArrayList.java:1541)
<br>&nbsp;&nbsp;&nbsp;&nbsp;	at org.testng.TestRunner.privateRun(TestRunner.java:770)
<br>&nbsp;&nbsp;&nbsp;&nbsp;	at org.testng.TestRunner.run(TestRunner.java:591)
<br>&nbsp;&nbsp;&nbsp;&nbsp;	at org.testng.SuiteRunner.runTest(SuiteRunner.java:402)
<br>&nbsp;&nbsp;&nbsp;&nbsp;	at org.testng.SuiteRunner.runSequentially(SuiteRunner.java:396)
<br>&nbsp;&nbsp;&nbsp;&nbsp;	at org.testng.SuiteRunner.privateRun(SuiteRunner.java:355)
<br>&nbsp;&nbsp;&nbsp;&nbsp;	at org.testng.SuiteRunner.run(SuiteRunner.java:304)
<br>&nbsp;&nbsp;&nbsp;&nbsp;	at org.testng.SuiteRunnerWorker.runSuite(SuiteRunnerWorker.java:53)
<br>&nbsp;&nbsp;&nbsp;&nbsp;	at org.testng.SuiteRunnerWorker.run(SuiteRunnerWorker.java:96)
<br>&nbsp;&nbsp;&nbsp;&nbsp;	at org.testng.TestNG.runSuitesSequentially(TestNG.java:1180)
<br>&nbsp;&nbsp;&nbsp;&nbsp;	at org.testng.TestNG.runSuitesLocally(TestNG.java:1102)
<br>&nbsp;&nbsp;&nbsp;&nbsp;	at org.testng.TestNG.runSuites(TestNG.java:1032)
<br>&nbsp;&nbsp;&nbsp;&nbsp;	at org.testng.TestNG.run(TestNG.java:1000)
<br>&nbsp;&nbsp;&nbsp;&nbsp;	at org.testng.remote.AbstractRemoteTestNG.run(AbstractRemoteTestNG.java:115)
<br>&nbsp;&nbsp;&nbsp;&nbsp;	at org.testng.remote.RemoteTestNG.initAndRun(RemoteTestNG.java:251)
<br>&nbsp;&nbsp;&nbsp;&nbsp;	at org.testng.remote.RemoteTestNG.main(RemoteTestNG.java:77)
</td></tr>
<!DOCTYPE HTML PUBLIC "-//W3C//DTD HTML 4.01 Transitional//EN" "http://www.w3.org/TR/html4/loose.dtd">
<html>
<head>
<title>Selenium Logs</title>
<style type="text/css">
<!--
body, table {font-family: arial,sans-serif; font-size: x-small;}
th {background: #336699; color: #FFFFFF; text-align: left;}
-->
</style>
</head>
<body bgcolor="#FFFFFF" topmargin="6" leftmargin="6">
<hr size="1" noshade>
Log session start time Tue Jul 13 18:45:41 PDT 2021<br>
<br>
<table cellspacing="0" cellpadding="4" border="1" bordercolor="#224466" width="100%">
<tr>
<th>Time</th>
<th>Thread</th>
<th>Level</th>
<th>Category</th>
<th>File:Line</th>
<th>Message</th>
</tr>

<tr>
<td>0</td>
<td title="main thread">main</td>
<td title="Level">INFO</td>
<td title="com.automation.libraries.AutomationLibrary category">com.automation.libraries.AutomationLibrary</td>
<td>AutomationLibrary.java:466</td>
<td title="Message">getCurrentTime() ---&gt; 20210713184541806</td>
</tr>

<tr>
<td>12</td>
<td title="main thread">main</td>
<td title="Level">INFO</td>
<td title="com.automation.libraries.AutomationLibrary category">com.automation.libraries.AutomationLibrary</td>
<td>AutomationLibrary.java:650</td>
<td title="Message">Directories are created...</td>
</tr>
