<?xml version="1.0" encoding="UTF-8"?>
<!-- Generated by org.testng.reporters.JUnitXMLReporter -->
<testsuite ignored="0" hostname="MyMiniCooperPC" failures="2" tests="2" name="Test" time="77.064" errors="0" timestamp="2021-07-09T20:54:31 PDT">
  <testcase classname="com.automation.libraries.AutomationBase" name="@AfterMethod close" time="5.02">
    <failure type="java.lang.AssertionError" message="did not expect to find [true] but found [false]">
      <![CDATA[java.lang.AssertionError: did not expect to find [true] but found [false]
at com.automation.libraries.ManageJP.readProperty(ManageJP.java:44)
at com.automation.libraries.AutomationBase.close(AutomationBase.java:123)
at java.base/java.util.ArrayList.forEach(ArrayList.java:1541)
... Removed 36 stack frames]]>
    </failure>
  </testcase> <!-- @AfterMethod close -->
  <testcase classname="com.automation.libraries.AutomationBase" name="@AfterClass afterAllTests" time="-1.625889234917E9">
    <skipped/>
  </testcase> <!-- @AfterClass afterAllTests -->
  <testcase classname="com.automation.libraries.AutomationBase" name="@AfterMethod close" time="5.012">
    <failure type="java.lang.AssertionError" message="did not expect to find [true] but found [false]">
      <![CDATA[java.lang.AssertionError: did not expect to find [true] but found [false]
at com.automation.libraries.ManageJP.readProperty(ManageJP.java:44)
at com.automation.libraries.AutomationBase.close(AutomationBase.java:123)
at java.base/java.util.ArrayList.forEach(ArrayList.java:1541)
... Removed 36 stack frames]]>
    </failure>
  </testcase> <!-- @AfterMethod close -->
  <testcase classname="com.automation.libraries.AutomationBase" name="@AfterClass afterAllTests" time="-1.625889271359E9">
    <skipped/>
  </testcase> <!-- @AfterClass afterAllTests -->
  <testcase classname="com.automation.tests.MainPageTests" name="shoppingTest" time="33.023">
    <failure type="java.lang.AssertionError" message="did not expect to find [true] but found [false]">
      <![CDATA[java.lang.AssertionError: did not expect to find [true] but found [false]
at com.automation.libraries.AutomationLibrary.sendKey(AutomationLibrary.java:434)
at com.automation.pages.MainPage.searchItem(MainPage.java:35)
at com.automation.tests.MainPageTests.shoppingTest(MainPageTests.java:28)
at java.base/java.util.ArrayList.forEach(ArrayList.java:1541)
... Removed 31 stack frames]]>
    </failure>
  </testcase> <!-- shoppingTest -->
  <testcase classname="com.automation.tests.TshirtPageTest" name="chooseT_Shirt" time="30.06">
    <failure type="java.lang.AssertionError" message="did not expect to find [true] but found [false]">
      <![CDATA[java.lang.AssertionError: did not expect to find [true] but found [false]
at com.automation.libraries.AutomationLibrary.clickElement(AutomationLibrary.java:378)
at com.automation.pages.TshirtPage.addToCart(TshirtPage.java:24)
at com.automation.tests.TshirtPageTest.chooseT_Shirt(TshirtPageTest.java:17)
at java.base/java.util.ArrayList.forEach(ArrayList.java:1541)
... Removed 31 stack frames]]>
    </failure>
  </testcase> <!-- chooseT_Shirt -->
</testsuite> <!-- Test -->
