<?xml version="1.0" encoding="UTF-8"?>
<!-- Generated by org.testng.reporters.JUnitXMLReporter -->
<testsuite ignored="0" hostname="MyMiniCooperPC" failures="2" tests="2" name="Test" time="10.115" errors="0" timestamp="2021-07-08T12:25:58 PDT">
  <testcase classname="com.automation.libraries.AutomationBase" name="@AfterMethod close" time="5.016">
    <failure type="java.lang.AssertionError" message="did not expect to find [true] but found [false]">
      <![CDATA[java.lang.AssertionError: did not expect to find [true] but found [false]
at com.automation.libraries.ManageJP.readProperty(ManageJP.java:44)
at com.automation.libraries.AutomationBase.close(AutomationBase.java:128)
at java.base/java.util.ArrayList.forEach(ArrayList.java:1541)
... Removed 39 stack frames]]>
    </failure>
  </testcase> <!-- @AfterMethod close -->
  <testcase classname="com.automation.libraries.AutomationBase" name="@AfterClass afterAllTests" time="-1.625772353493E9">
    <skipped/>
  </testcase> <!-- @AfterClass afterAllTests -->
  <testcase classname="com.automation.libraries.AutomationBase" name="@AfterMethod close" time="5.007">
    <failure type="java.lang.AssertionError" message="did not expect to find [true] but found [false]">
      <![CDATA[java.lang.AssertionError: did not expect to find [true] but found [false]
at com.automation.libraries.ManageJP.readProperty(ManageJP.java:44)
at com.automation.libraries.AutomationBase.close(AutomationBase.java:128)
at java.base/java.util.ArrayList.forEach(ArrayList.java:1541)
... Removed 39 stack frames]]>
    </failure>
  </testcase> <!-- @AfterMethod close -->
  <testcase classname="com.automation.libraries.AutomationBase" name="@AfterClass afterAllTests" time="-1.625772358515E9">
    <skipped/>
  </testcase> <!-- @AfterClass afterAllTests -->
  <testcase classname="com.automation.tests.MainPageTests" name="shoppingTest" time="0.011">
    <failure type="java.lang.AssertionError" message="did not expect to find [true] but found [false]">
      <![CDATA[java.lang.AssertionError: did not expect to find [true] but found [false]
at com.automation.pages.MainPage.gotoMainPage(MainPage.java:29)
at com.automation.tests.MainPageTests.shoppingTest(MainPageTests.java:27)
at java.base/java.util.ArrayList.forEach(ArrayList.java:1541)
... Removed 34 stack frames]]>
    </failure>
  </testcase> <!-- shoppingTest -->
  <testcase classname="com.automation.tests.TshirtPageTest" name="chooseT_Shirt" time="0.005">
    <failure type="java.lang.AssertionError" message="did not expect to find [true] but found [false]">
      <![CDATA[java.lang.AssertionError: did not expect to find [true] but found [false]
at com.automation.libraries.AutomationLibrary.clickElement(AutomationLibrary.java:378)
at com.automation.pages.TshirtPage.addToCart(TshirtPage.java:25)
at com.automation.tests.TshirtPageTest.chooseT_Shirt(TshirtPageTest.java:17)
at java.base/java.util.ArrayList.forEach(ArrayList.java:1541)
... Removed 34 stack frames]]>
    </failure>
  </testcase> <!-- chooseT_Shirt -->
</testsuite> <!-- Test -->
