<!DOCTYPE html PUBLIC "-//W3C//DTD XHTML 1.1//EN" "http://www.w3.org/TR/xhtml11/DTD/xhtml11.dtd">
<html xmlns="http://www.w3.org/1999/xhtml">
<head>
<meta http-equiv="content-type" content="text/html; charset=UTF-8"/>
<title>TestNG Report</title>
<style type="text/css">table {margin-bottom:10px;border-collapse:collapse;empty-cells:show}th,td {border:1px solid #009;padding:.25em .5em}th {vertical-align:bottom}td {vertical-align:top}table a {font-weight:bold}.stripe td {background-color: #E6EBF9}.num {text-align:right}.passedodd td {background-color: #3F3}.passedeven td {background-color: #0A0}.skippedodd td {background-color: #DDD}.skippedeven td {background-color: #CCC}.failedodd td,.attn {background-color: #F33}.failedeven td,.stripe .attn {background-color: #D00}.stacktrace {white-space:pre;font-family:monospace}.totop {font-size:85%;text-align:center;border-bottom:2px solid #000}.invisible {display:none}</style>
</head>
<body>
<table>
<tr><th>Test</th><th># Passed</th><th># Skipped</th><th># Retried</th><th># Failed</th><th>Time (ms)</th><th>Included Groups</th><th>Excluded Groups</th></tr>
<tr><th colspan="7">Suite</th></tr>
<tr><td><a href="#t0">Test</a></td><td class="num">0</td><td class="num">0</td><td class="num">0</td><td class="num attn">2</td><td class="num">79,185</td><td></td><td></td></tr>
</table>
<table id='summary'><thead><tr><th>Class</th><th>Method</th><th>Start</th><th>Time (ms)</th></tr></thead><tbody><tr><th colspan="4">Suite</th></tr></tbody><tbody id="t0"><tr><th colspan="4">Test &#8212; failed (configuration methods)</th></tr><tr class="failedeven"><td rowspan="1">com.automation.tests.MainPageTests</td><td><a href="#m0">close</a></td><td rowspan="1">1625890783375</td><td rowspan="1">5007</td></tr><tr class="failedodd"><td rowspan="1">com.automation.tests.TshirtPageTest</td><td><a href="#m1">close</a></td><td rowspan="1">1625890820048</td><td rowspan="1">5017</td></tr><tr><th colspan="4">Test &#8212; failed</th></tr><tr class="failedeven"><td rowspan="1">com.automation.tests.MainPageTests</td><td><a href="#m2">shoppingTest</a></td><td rowspan="1">1625890748827</td><td rowspan="1">34541</td></tr><tr class="failedodd"><td rowspan="1">com.automation.tests.TshirtPageTest</td><td><a href="#m3">chooseT_Shirt</a></td><td rowspan="1">1625890789996</td><td rowspan="1">30052</td></tr><tr><th colspan="4">Test &#8212; skipped (configuration methods)</th></tr><tr class="skippedeven"><td rowspan="1">com.automation.tests.MainPageTests</td><td><a href="#m4">afterAllTests</a></td><td rowspan="1">1625890788383</td><td rowspan="1">-1625890788383</td></tr><tr class="skippedodd"><td rowspan="1">com.automation.tests.TshirtPageTest</td><td><a href="#m5">afterAllTests</a></td><td rowspan="1">1625890825066</td><td rowspan="1">-1625890825066</td></tr></tbody>
</table>
<h2>Test</h2><h3 id="m0">com.automation.tests.MainPageTests#close</h3><table class="result"><tr class="param"><th>Parameter #1</th></tr><tr class="param stripe"><td>[TestResult name=shoppingTest status=FAILURE method=MainPageTests.shoppingTest()[pri:0, instance:com.automation.tests.MainPageTests@120f102b] output={null}]</td></tr><tr><th>Exception</th></tr><tr><td><div class="stacktrace">java.lang.AssertionError: did not expect to find [true] but found [false]
	at com.automation.libraries.ManageJP.readProperty(ManageJP.java:44)
	at com.automation.libraries.AutomationBase.close(AutomationBase.java:123)
	at java.base/java.util.ArrayList.forEach(ArrayList.java:1541)
... Removed 39 stack frames</div></td></tr></table><p class="totop"><a href="#summary">back to summary</a></p>
<h3 id="m1">com.automation.tests.TshirtPageTest#close</h3><table class="result"><tr class="param"><th>Parameter #1</th></tr><tr class="param stripe"><td>[TestResult name=chooseT_Shirt status=FAILURE method=TshirtPageTest.chooseT_Shirt()[pri:0, instance:com.automation.tests.TshirtPageTest@625732] output={null}]</td></tr><tr><th>Exception</th></tr><tr><td><div class="stacktrace">java.lang.AssertionError: did not expect to find [true] but found [false]
	at com.automation.libraries.ManageJP.readProperty(ManageJP.java:44)
	at com.automation.libraries.AutomationBase.close(AutomationBase.java:123)
	at java.base/java.util.ArrayList.forEach(ArrayList.java:1541)
... Removed 39 stack frames</div></td></tr></table><p class="totop"><a href="#summary">back to summary</a></p>
<h3 id="m2">com.automation.tests.MainPageTests#shoppingTest</h3><table class="result"><tr><th>Exception</th></tr><tr><td><div class="stacktrace">java.lang.AssertionError: did not expect to find [true] but found [false]
	at com.automation.libraries.AutomationLibrary.sendKey(AutomationLibrary.java:434)
	at com.automation.pages.MainPage.searchItem(MainPage.java:35)
	at com.automation.tests.MainPageTests.shoppingTest(MainPageTests.java:28)
	at java.base/java.util.ArrayList.forEach(ArrayList.java:1541)
... Removed 34 stack frames</div></td></tr></table><p class="totop"><a href="#summary">back to summary</a></p>
<h3 id="m3">com.automation.tests.TshirtPageTest#chooseT_Shirt</h3><table class="result"><tr><th>Exception</th></tr><tr><td><div class="stacktrace">java.lang.AssertionError: did not expect to find [true] but found [false]
	at com.automation.libraries.AutomationLibrary.clickElement(AutomationLibrary.java:378)
	at com.automation.pages.TshirtPage.addToCart(TshirtPage.java:24)
	at com.automation.tests.TshirtPageTest.chooseT_Shirt(TshirtPageTest.java:17)
	at java.base/java.util.ArrayList.forEach(ArrayList.java:1541)
... Removed 34 stack frames</div></td></tr></table><p class="totop"><a href="#summary">back to summary</a></p>
<h3 id="m4">com.automation.tests.MainPageTests#afterAllTests</h3><table class="result"><tr><th class="invisible"/></tr></table><p class="totop"><a href="#summary">back to summary</a></p>
<h3 id="m5">com.automation.tests.TshirtPageTest#afterAllTests</h3><table class="result"><tr><th class="invisible"/></tr></table><p class="totop"><a href="#summary">back to summary</a></p>
</body>
</html>
